[12-Jul-2011 16:18:13] PHP Fatal error:  Call to undefined function funt() in /var/www/site1/application/controllers/IndexController.php on line 10
[20-Jul-2011 16:37:21] PHP Fatal error:  Call to a member function clearDecorators() on a non-object in /var/www/site1/application/views/scripts/register/registerForm.phtml on line 9
[20-Jul-2011 16:47:27] PHP Fatal error:  Call to a member function clearDecorators() on a non-object in /var/www/site1/application/views/scripts/register/registerForm.phtml on line 9
[20-Jul-2011 16:47:28] PHP Fatal error:  Call to a member function clearDecorators() on a non-object in /var/www/site1/application/views/scripts/register/registerForm.phtml on line 9
[20-Jul-2011 16:47:28] PHP Fatal error:  Call to a member function clearDecorators() on a non-object in /var/www/site1/application/views/scripts/register/registerForm.phtml on line 9
[20-Jul-2011 16:47:28] PHP Fatal error:  Call to a member function clearDecorators() on a non-object in /var/www/site1/application/views/scripts/register/registerForm.phtml on line 9
[20-Jul-2011 16:47:28] PHP Fatal error:  Call to a member function clearDecorators() on a non-object in /var/www/site1/application/views/scripts/register/registerForm.phtml on line 9
[20-Jul-2011 16:49:00] PHP Fatal error:  Call to a member function clearDecorators() on a non-object in /var/www/site1/application/views/scripts/register/index.phtml on line 10
[20-Jul-2011 16:49:00] PHP Fatal error:  Call to a member function clearDecorators() on a non-object in /var/www/site1/application/views/scripts/register/index.phtml on line 10
[20-Jul-2011 16:49:01] PHP Fatal error:  Call to a member function clearDecorators() on a non-object in /var/www/site1/application/views/scripts/register/index.phtml on line 10
[20-Jul-2011 16:53:37] PHP Fatal error:  Call to a member function clearDecorators() on a non-object in /var/www/site1/application/views/scripts/register/index.phtml on line 10
[20-Jul-2011 16:56:29] PHP Fatal error:  Call to a member function clearDecorators() on a non-object in /var/www/site1/application/views/scripts/register/index.phtml on line 10
[20-Jul-2011 16:56:29] PHP Fatal error:  Call to a member function clearDecorators() on a non-object in /var/www/site1/application/views/scripts/register/index.phtml on line 10
[20-Jul-2011 16:56:29] PHP Fatal error:  Call to a member function clearDecorators() on a non-object in /var/www/site1/application/views/scripts/register/index.phtml on line 10
[20-Jul-2011 16:56:30] PHP Fatal error:  Call to a member function clearDecorators() on a non-object in /var/www/site1/application/views/scripts/register/index.phtml on line 10
[20-Jul-2011 16:56:30] PHP Fatal error:  Call to a member function clearDecorators() on a non-object in /var/www/site1/application/views/scripts/register/index.phtml on line 10
[20-Jul-2011 16:57:13] PHP Fatal error:  Call to a member function clearDecorators() on a non-object in /var/www/site1/application/views/scripts/register/registerForm.phtml on line 9
[20-Jul-2011 16:58:12] PHP Fatal error:  Call to a member function clearDecorators() on a non-object in /var/www/site1/application/views/scripts/register/registerForm.phtml on line 9
[20-Jul-2011 16:58:21] PHP Fatal error:  Call to a member function clearDecorators() on a non-object in /var/www/site1/application/views/scripts/register/registerForm.phtml on line 9
[20-Jul-2011 16:58:30] PHP Fatal error:  Call to a member function clearDecorators() on a non-object in /var/www/site1/application/views/scripts/register/registerForm.phtml on line 9
[20-Jul-2011 16:58:59] PHP Fatal error:  Call to a member function clearDecorators() on a non-object in /var/www/site1/application/views/scripts/register/registerForm.phtml on line 9
[20-Jul-2011 16:59:00] PHP Fatal error:  Call to a member function clearDecorators() on a non-object in /var/www/site1/application/views/scripts/register/registerForm.phtml on line 9
[20-Jul-2011 16:59:00] PHP Fatal error:  Call to a member function clearDecorators() on a non-object in /var/www/site1/application/views/scripts/register/registerForm.phtml on line 9
[20-Jul-2011 16:59:01] PHP Fatal error:  Call to a member function clearDecorators() on a non-object in /var/www/site1/application/views/scripts/register/registerForm.phtml on line 9
[20-Jul-2011 17:01:36] PHP Fatal error:  Call to a member function clearDecorators() on a non-object in /var/www/site1/application/views/scripts/register/registerForm.phtml on line 9
[20-Jul-2011 17:01:37] PHP Fatal error:  Call to a member function clearDecorators() on a non-object in /var/www/site1/application/views/scripts/register/registerForm.phtml on line 9
[20-Jul-2011 17:01:37] PHP Fatal error:  Call to a member function clearDecorators() on a non-object in /var/www/site1/application/views/scripts/register/registerForm.phtml on line 9
[20-Jul-2011 17:01:37] PHP Fatal error:  Call to a member function clearDecorators() on a non-object in /var/www/site1/application/views/scripts/register/registerForm.phtml on line 9
[20-Jul-2011 17:01:37] PHP Fatal error:  Call to a member function clearDecorators() on a non-object in /var/www/site1/application/views/scripts/register/registerForm.phtml on line 9
[20-Jul-2011 17:01:43] PHP Fatal error:  Call to a member function clearDecorators() on a non-object in /var/www/site1/application/views/scripts/register/registerForm.phtml on line 9
[20-Jul-2011 17:01:44] PHP Fatal error:  Call to a member function clearDecorators() on a non-object in /var/www/site1/application/views/scripts/register/registerForm.phtml on line 9
[20-Jul-2011 17:01:45] PHP Fatal error:  Call to a member function clearDecorators() on a non-object in /var/www/site1/application/views/scripts/register/registerForm.phtml on line 9
[20-Jul-2011 17:03:03] PHP Fatal error:  Call to a member function clearDecorators() on a non-object in /var/www/site1/application/views/scripts/blog/commentform.phtml on line 9
[20-Jul-2011 17:03:08] PHP Fatal error:  Call to a member function clearDecorators() on a non-object in /var/www/site1/application/views/scripts/blog/commentform.phtml on line 9
[20-Jul-2011 17:04:34] PHP Fatal error:  Call to a member function clearDecorators() on a non-object in /var/www/site1/application/views/scripts/blog/commentform.phtml on line 9
[20-Jul-2011 17:04:35] PHP Fatal error:  Call to a member function clearDecorators() on a non-object in /var/www/site1/application/views/scripts/blog/commentform.phtml on line 9
[20-Jul-2011 17:04:35] PHP Fatal error:  Call to a member function clearDecorators() on a non-object in /var/www/site1/application/views/scripts/blog/commentform.phtml on line 9
[20-Jul-2011 17:04:35] PHP Fatal error:  Call to a member function clearDecorators() on a non-object in /var/www/site1/application/views/scripts/blog/commentform.phtml on line 9
[20-Jul-2011 17:05:35] PHP Fatal error:  Call to a member function clearDecorators() on a non-object in /var/www/site1/application/views/scripts/blog/commentform.phtml on line 9
[20-Jul-2011 17:09:06] PHP Fatal error:  Call to a member function clearDecorators() on a non-object in /var/www/site1/application/views/scripts/blog/commentform.phtml on line 9
[20-Jul-2011 17:09:07] PHP Fatal error:  Call to a member function clearDecorators() on a non-object in /var/www/site1/application/views/scripts/blog/commentform.phtml on line 9
[20-Jul-2011 17:11:35] PHP Fatal error:  Call to a member function clearDecorators() on a non-object in /var/www/site1/application/views/scripts/register/registerForm.phtml on line 9
[20-Jul-2011 17:11:35] PHP Fatal error:  Call to a member function clearDecorators() on a non-object in /var/www/site1/application/views/scripts/register/registerForm.phtml on line 9
[20-Jul-2011 17:11:36] PHP Fatal error:  Call to a member function clearDecorators() on a non-object in /var/www/site1/application/views/scripts/register/registerForm.phtml on line 9
[20-Jul-2011 17:11:36] PHP Fatal error:  Call to a member function clearDecorators() on a non-object in /var/www/site1/application/views/scripts/register/registerForm.phtml on line 9
[20-Jul-2011 17:11:36] PHP Fatal error:  Call to a member function clearDecorators() on a non-object in /var/www/site1/application/views/scripts/register/registerForm.phtml on line 9
[20-Jul-2011 17:13:46] PHP Fatal error:  Call to a member function setDecorators() on a non-object in /var/www/site1/application/views/scripts/register/registerForm.phtml on line 23
[20-Jul-2011 17:13:59] PHP Fatal error:  Call to a member function setDecorators() on a non-object in /var/www/site1/application/views/scripts/register/registerForm.phtml on line 27
[23-Nov-2011 15:07:35] PHP Fatal error:  Call to a member function getResource() on a non-object in /var/www/site1/application/models/DbTable/Category.php on line 41
[23-Nov-2011 15:07:35] PHP Stack trace:
[23-Nov-2011 15:07:35] PHP   1. {main}() /usr/local/zend/bin/phpunit:0
[23-Nov-2011 15:07:35] PHP   2. PHPUnit_TextUI_Command::main() /usr/local/zend/bin/phpunit:44
[23-Nov-2011 15:07:35] PHP   3. PHPUnit_TextUI_Command->run() /usr/local/zend/share/pear/PHPUnit/TextUI/Command.php:125
[23-Nov-2011 15:07:35] PHP   4. PHPUnit_TextUI_TestRunner->doRun() /usr/local/zend/share/pear/PHPUnit/TextUI/Command.php:187
[23-Nov-2011 15:07:35] PHP   5. PHPUnit_Framework_TestSuite->run() /usr/local/zend/share/pear/PHPUnit/TextUI/TestRunner.php:325
[23-Nov-2011 15:07:35] PHP   6. PHPUnit_Framework_TestSuite->run() /usr/local/zend/share/pear/PHPUnit/Framework/TestSuite.php:705
[23-Nov-2011 15:07:35] PHP   7. PHPUnit_Framework_TestSuite->runTest() /usr/local/zend/share/pear/PHPUnit/Framework/TestSuite.php:745
[23-Nov-2011 15:07:35] PHP   8. PHPUnit_Framework_TestCase->run() /usr/local/zend/share/pear/PHPUnit/Framework/TestSuite.php:772
[23-Nov-2011 15:07:35] PHP   9. PHPUnit_Framework_TestResult->run() /usr/local/zend/share/pear/PHPUnit/Framework/TestCase.php:727
[23-Nov-2011 15:07:35] PHP  10. PHPUnit_Framework_TestCase->runBare() /usr/local/zend/share/pear/PHPUnit/Framework/TestResult.php:649
[23-Nov-2011 15:07:35] PHP  11. PHPUnit_Framework_TestCase->runTest() /usr/local/zend/share/pear/PHPUnit/Framework/TestCase.php:780
[23-Nov-2011 15:07:35] PHP  12. ReflectionMethod->invokeArgs() /usr/local/zend/share/pear/PHPUnit/Framework/TestCase.php:918
[23-Nov-2011 15:07:35] PHP  13. BlogTest->testThatFindCategoryMethodShouldReturnCategoryObject() /usr/local/zend/share/pear/PHPUnit/Framework/TestCase.php:918
[23-Nov-2011 15:07:35] PHP  14. Application_Service_Blog->findCategory() /var/www/site1/tests/application/services/BlogTest.php:12
[23-Nov-2011 15:07:35] PHP  15. Application_Model_Mapper_Category->__construct() /var/www/site1/application/services/Blog.php:45
[23-Nov-2011 15:07:35] PHP  16. Application_Model_DbTable_Category->__construct() /var/www/site1/application/models/mappers/Category.php:41
[23-Nov-2011 15:09:20] PHP Fatal error:  Call to a member function getResource() on a non-object in /var/www/site1/application/models/DbTable/Category.php on line 41
[23-Nov-2011 15:09:20] PHP Stack trace:
[23-Nov-2011 15:09:20] PHP   1. {main}() /usr/local/zend/bin/phpunit:0
[23-Nov-2011 15:09:20] PHP   2. PHPUnit_TextUI_Command::main() /usr/local/zend/bin/phpunit:44
[23-Nov-2011 15:09:20] PHP   3. PHPUnit_TextUI_Command->run() /usr/local/zend/share/pear/PHPUnit/TextUI/Command.php:125
[23-Nov-2011 15:09:20] PHP   4. PHPUnit_TextUI_TestRunner->doRun() /usr/local/zend/share/pear/PHPUnit/TextUI/Command.php:187
[23-Nov-2011 15:09:20] PHP   5. PHPUnit_Framework_TestSuite->run() /usr/local/zend/share/pear/PHPUnit/TextUI/TestRunner.php:325
[23-Nov-2011 15:09:20] PHP   6. PHPUnit_Framework_TestSuite->run() /usr/local/zend/share/pear/PHPUnit/Framework/TestSuite.php:705
[23-Nov-2011 15:09:20] PHP   7. PHPUnit_Framework_TestSuite->runTest() /usr/local/zend/share/pear/PHPUnit/Framework/TestSuite.php:745
[23-Nov-2011 15:09:20] PHP   8. PHPUnit_Framework_TestCase->run() /usr/local/zend/share/pear/PHPUnit/Framework/TestSuite.php:772
[23-Nov-2011 15:09:20] PHP   9. PHPUnit_Framework_TestResult->run() /usr/local/zend/share/pear/PHPUnit/Framework/TestCase.php:727
[23-Nov-2011 15:09:20] PHP  10. PHPUnit_Framework_TestCase->runBare() /usr/local/zend/share/pear/PHPUnit/Framework/TestResult.php:649
[23-Nov-2011 15:09:20] PHP  11. PHPUnit_Framework_TestCase->runTest() /usr/local/zend/share/pear/PHPUnit/Framework/TestCase.php:780
[23-Nov-2011 15:09:20] PHP  12. ReflectionMethod->invokeArgs() /usr/local/zend/share/pear/PHPUnit/Framework/TestCase.php:918
[23-Nov-2011 15:09:20] PHP  13. BlogTest->testThatFindCategoryMethodShouldReturnCategoryObject() /usr/local/zend/share/pear/PHPUnit/Framework/TestCase.php:918
[23-Nov-2011 15:09:20] PHP  14. Application_Service_Blog->findCategory() /var/www/site1/tests/application/services/BlogTest.php:13
[23-Nov-2011 15:09:20] PHP  15. Application_Model_Mapper_Category->__construct() /var/www/site1/application/services/Blog.php:45
[23-Nov-2011 15:09:20] PHP  16. Application_Model_DbTable_Category->__construct() /var/www/site1/application/models/mappers/Category.php:41
[23-Nov-2011 15:10:52] PHP Fatal error:  Call to a member function getResource() on a non-object in /var/www/site1/application/models/DbTable/Category.php on line 41
[23-Nov-2011 15:10:52] PHP Stack trace:
[23-Nov-2011 15:10:52] PHP   1. {main}() /usr/local/zend/bin/phpunit:0
[23-Nov-2011 15:10:52] PHP   2. PHPUnit_TextUI_Command::main() /usr/local/zend/bin/phpunit:44
[23-Nov-2011 15:10:52] PHP   3. PHPUnit_TextUI_Command->run() /usr/local/zend/share/pear/PHPUnit/TextUI/Command.php:125
[23-Nov-2011 15:10:52] PHP   4. PHPUnit_TextUI_TestRunner->doRun() /usr/local/zend/share/pear/PHPUnit/TextUI/Command.php:187
[23-Nov-2011 15:10:52] PHP   5. PHPUnit_Framework_TestSuite->run() /usr/local/zend/share/pear/PHPUnit/TextUI/TestRunner.php:325
[23-Nov-2011 15:10:52] PHP   6. PHPUnit_Framework_TestSuite->run() /usr/local/zend/share/pear/PHPUnit/Framework/TestSuite.php:705
[23-Nov-2011 15:10:52] PHP   7. PHPUnit_Framework_TestSuite->runTest() /usr/local/zend/share/pear/PHPUnit/Framework/TestSuite.php:745
[23-Nov-2011 15:10:52] PHP   8. PHPUnit_Framework_TestCase->run() /usr/local/zend/share/pear/PHPUnit/Framework/TestSuite.php:772
[23-Nov-2011 15:10:52] PHP   9. PHPUnit_Framework_TestResult->run() /usr/local/zend/share/pear/PHPUnit/Framework/TestCase.php:727
[23-Nov-2011 15:10:52] PHP  10. PHPUnit_Framework_TestCase->runBare() /usr/local/zend/share/pear/PHPUnit/Framework/TestResult.php:649
[23-Nov-2011 15:10:52] PHP  11. PHPUnit_Framework_TestCase->runTest() /usr/local/zend/share/pear/PHPUnit/Framework/TestCase.php:780
[23-Nov-2011 15:10:52] PHP  12. ReflectionMethod->invokeArgs() /usr/local/zend/share/pear/PHPUnit/Framework/TestCase.php:918
[23-Nov-2011 15:10:52] PHP  13. BlogTest->testThatFindCategoryMethodShouldReturnCategoryObject() /usr/local/zend/share/pear/PHPUnit/Framework/TestCase.php:918
[23-Nov-2011 15:10:52] PHP  14. Application_Service_Blog->findCategory() /var/www/site1/tests/application/services/BlogTest.php:13
[23-Nov-2011 15:10:52] PHP  15. Application_Model_Mapper_Category->__construct() /var/www/site1/application/services/Blog.php:45
[23-Nov-2011 15:10:52] PHP  16. Application_Model_DbTable_Category->__construct() /var/www/site1/application/models/mappers/Category.php:41
[23-Nov-2011 15:11:46] PHP Fatal error:  Call to a member function getResource() on a non-object in /var/www/site1/application/models/DbTable/Category.php on line 41
[23-Nov-2011 15:11:46] PHP Stack trace:
[23-Nov-2011 15:11:46] PHP   1. {main}() /usr/local/zend/bin/phpunit:0
[23-Nov-2011 15:11:46] PHP   2. PHPUnit_TextUI_Command::main() /usr/local/zend/bin/phpunit:44
[23-Nov-2011 15:11:46] PHP   3. PHPUnit_TextUI_Command->run() /usr/local/zend/share/pear/PHPUnit/TextUI/Command.php:125
[23-Nov-2011 15:11:46] PHP   4. PHPUnit_TextUI_TestRunner->doRun() /usr/local/zend/share/pear/PHPUnit/TextUI/Command.php:187
[23-Nov-2011 15:11:46] PHP   5. PHPUnit_Framework_TestSuite->run() /usr/local/zend/share/pear/PHPUnit/TextUI/TestRunner.php:325
[23-Nov-2011 15:11:46] PHP   6. PHPUnit_Framework_TestSuite->run() /usr/local/zend/share/pear/PHPUnit/Framework/TestSuite.php:705
[23-Nov-2011 15:11:46] PHP   7. PHPUnit_Framework_TestSuite->runTest() /usr/local/zend/share/pear/PHPUnit/Framework/TestSuite.php:745
[23-Nov-2011 15:11:46] PHP   8. PHPUnit_Framework_TestCase->run() /usr/local/zend/share/pear/PHPUnit/Framework/TestSuite.php:772
[23-Nov-2011 15:11:46] PHP   9. PHPUnit_Framework_TestResult->run() /usr/local/zend/share/pear/PHPUnit/Framework/TestCase.php:727
[23-Nov-2011 15:11:46] PHP  10. PHPUnit_Framework_TestCase->runBare() /usr/local/zend/share/pear/PHPUnit/Framework/TestResult.php:649
[23-Nov-2011 15:11:46] PHP  11. PHPUnit_Framework_TestCase->runTest() /usr/local/zend/share/pear/PHPUnit/Framework/TestCase.php:780
[23-Nov-2011 15:11:46] PHP  12. ReflectionMethod->invokeArgs() /usr/local/zend/share/pear/PHPUnit/Framework/TestCase.php:918
[23-Nov-2011 15:11:46] PHP  13. BlogTest->testThatFindCategoryMethodShouldReturnCategoryObject() /usr/local/zend/share/pear/PHPUnit/Framework/TestCase.php:918
[23-Nov-2011 15:11:46] PHP  14. Application_Service_Blog->findCategory() /var/www/site1/tests/application/services/BlogTest.php:14
[23-Nov-2011 15:11:46] PHP  15. Application_Model_Mapper_Category->__construct() /var/www/site1/application/services/Blog.php:45
[23-Nov-2011 15:11:46] PHP  16. Application_Model_DbTable_Category->__construct() /var/www/site1/application/models/mappers/Category.php:41
[23-Nov-2011 15:12:22] PHP Fatal error:  Call to a member function getResource() on a non-object in /var/www/site1/application/models/DbTable/Category.php on line 41
[23-Nov-2011 15:12:22] PHP Stack trace:
[23-Nov-2011 15:12:22] PHP   1. {main}() /usr/local/zend/bin/phpunit:0
[23-Nov-2011 15:12:22] PHP   2. PHPUnit_TextUI_Command::main() /usr/local/zend/bin/phpunit:44
[23-Nov-2011 15:12:22] PHP   3. PHPUnit_TextUI_Command->run() /usr/local/zend/share/pear/PHPUnit/TextUI/Command.php:125
[23-Nov-2011 15:12:22] PHP   4. PHPUnit_TextUI_TestRunner->doRun() /usr/local/zend/share/pear/PHPUnit/TextUI/Command.php:187
[23-Nov-2011 15:12:22] PHP   5. PHPUnit_Framework_TestSuite->run() /usr/local/zend/share/pear/PHPUnit/TextUI/TestRunner.php:325
[23-Nov-2011 15:12:22] PHP   6. PHPUnit_Framework_TestSuite->run() /usr/local/zend/share/pear/PHPUnit/Framework/TestSuite.php:705
[23-Nov-2011 15:12:22] PHP   7. PHPUnit_Framework_TestSuite->runTest() /usr/local/zend/share/pear/PHPUnit/Framework/TestSuite.php:745
[23-Nov-2011 15:12:22] PHP   8. PHPUnit_Framework_TestCase->run() /usr/local/zend/share/pear/PHPUnit/Framework/TestSuite.php:772
[23-Nov-2011 15:12:22] PHP   9. PHPUnit_Framework_TestResult->run() /usr/local/zend/share/pear/PHPUnit/Framework/TestCase.php:727
[23-Nov-2011 15:12:22] PHP  10. PHPUnit_Framework_TestCase->runBare() /usr/local/zend/share/pear/PHPUnit/Framework/TestResult.php:649
[23-Nov-2011 15:12:22] PHP  11. PHPUnit_Framework_TestCase->runTest() /usr/local/zend/share/pear/PHPUnit/Framework/TestCase.php:780
[23-Nov-2011 15:12:22] PHP  12. ReflectionMethod->invokeArgs() /usr/local/zend/share/pear/PHPUnit/Framework/TestCase.php:918
[23-Nov-2011 15:12:22] PHP  13. BlogTest->testThatFindCategoryMethodShouldReturnCategoryObject() /usr/local/zend/share/pear/PHPUnit/Framework/TestCase.php:918
[23-Nov-2011 15:12:22] PHP  14. Application_Service_Blog->findCategory() /var/www/site1/tests/application/services/BlogTest.php:14
[23-Nov-2011 15:12:22] PHP  15. Application_Model_Mapper_Category->__construct() /var/www/site1/application/services/Blog.php:45
[23-Nov-2011 15:12:22] PHP  16. Application_Model_DbTable_Category->__construct() /var/www/site1/application/models/mappers/Category.php:41
[23-Nov-2011 15:13:22] PHP Parse error:  syntax error, unexpected T_VARIABLE in /var/www/site1/tests/application/services/BlogTest.php on line 11
[23-Nov-2011 15:13:22] PHP Stack trace:
[23-Nov-2011 15:13:22] PHP   1. {main}() /usr/local/zend/bin/phpunit:0
[23-Nov-2011 15:13:22] PHP   2. PHPUnit_TextUI_Command::main() /usr/local/zend/bin/phpunit:44
[23-Nov-2011 15:13:22] PHP   3. PHPUnit_TextUI_Command->run() /usr/local/zend/share/pear/PHPUnit/TextUI/Command.php:125
[23-Nov-2011 15:13:22] PHP   4. PHPUnit_TextUI_Command->handleArguments() /usr/local/zend/share/pear/PHPUnit/TextUI/Command.php:134
[23-Nov-2011 15:13:22] PHP   5. PHPUnit_Util_Configuration->getTestSuiteConfiguration() /usr/local/zend/share/pear/PHPUnit/TextUI/Command.php:670
[23-Nov-2011 15:13:22] PHP   6. PHPUnit_Util_Configuration->getTestSuite() /usr/local/zend/share/pear/PHPUnit/Util/Configuration.php:768
[23-Nov-2011 15:13:22] PHP   7. PHPUnit_Framework_TestSuite->addTestFiles() /usr/local/zend/share/pear/PHPUnit/Util/Configuration.php:848
[23-Nov-2011 15:13:22] PHP   8. PHPUnit_Framework_TestSuite->addTestFile() /usr/local/zend/share/pear/PHPUnit/Framework/TestSuite.php:419
[23-Nov-2011 15:13:22] PHP   9. PHPUnit_Util_Fileloader::checkAndLoad() /usr/local/zend/share/pear/PHPUnit/Framework/TestSuite.php:358
[23-Nov-2011 15:13:22] PHP  10. PHPUnit_Util_Fileloader::load() /usr/local/zend/share/pear/PHPUnit/Util/Fileloader.php:79
[23-Nov-2011 15:13:38] PHP Fatal error:  Allowed memory size of 134217728 bytes exhausted (tried to allocate 32 bytes) in /usr/local/zend/share/pear/PHP/Token/Stream.php on line 190
[23-Nov-2011 15:13:38] PHP Stack trace:
[23-Nov-2011 15:13:38] PHP   1. {main}() /usr/local/zend/bin/phpunit:0
[23-Nov-2011 15:13:38] PHP   2. PHPUnit_TextUI_Command::main() /usr/local/zend/bin/phpunit:44
[23-Nov-2011 15:13:38] PHP   3. PHPUnit_TextUI_Command->run() /usr/local/zend/share/pear/PHPUnit/TextUI/Command.php:125
[23-Nov-2011 15:13:38] PHP   4. PHPUnit_TextUI_TestRunner->doRun() /usr/local/zend/share/pear/PHPUnit/TextUI/Command.php:187
[23-Nov-2011 15:13:38] PHP   5. PHP_CodeCoverage_Report_Clover->process() /usr/local/zend/share/pear/PHPUnit/TextUI/TestRunner.php:352
[23-Nov-2011 15:13:38] PHP   6. PHP_CodeCoverage->getReport() /usr/local/zend/share/pear/PHP/CodeCoverage/Report/Clover.php:85
[23-Nov-2011 15:13:38] PHP   7. PHP_CodeCoverage_Report_Factory->create() /usr/local/zend/share/pear/PHP/CodeCoverage.php:141
[23-Nov-2011 15:13:38] PHP   8. PHP_CodeCoverage_Report_Factory->addItems() /usr/local/zend/share/pear/PHP/CodeCoverage/Report/Factory.php:76
[23-Nov-2011 15:13:38] PHP   9. PHP_CodeCoverage_Report_Factory->addItems() /usr/local/zend/share/pear/PHP/CodeCoverage/Report/Factory.php:95
[23-Nov-2011 15:13:38] PHP  10. PHP_CodeCoverage_Report_Factory->addItems() /usr/local/zend/share/pear/PHP/CodeCoverage/Report/Factory.php:95
[23-Nov-2011 15:13:38] PHP  11. PHP_CodeCoverage_Report_Factory->addItems() /usr/local/zend/share/pear/PHP/CodeCoverage/Report/Factory.php:95
[23-Nov-2011 15:13:38] PHP  12. PHP_CodeCoverage_Report_Factory->addItems() /usr/local/zend/share/pear/PHP/CodeCoverage/Report/Factory.php:95
[23-Nov-2011 15:13:38] PHP  13. PHP_CodeCoverage_Report_Factory->addItems() /usr/local/zend/share/pear/PHP/CodeCoverage/Report/Factory.php:95
[23-Nov-2011 15:13:38] PHP  14. PHP_CodeCoverage_Report_Factory->addItems() /usr/local/zend/share/pear/PHP/CodeCoverage/Report/Factory.php:95
[23-Nov-2011 15:13:38] PHP  15. PHP_CodeCoverage_Report_Factory->addItems() /usr/local/zend/share/pear/PHP/CodeCoverage/Report/Factory.php:95
[23-Nov-2011 15:13:38] PHP  16. PHP_CodeCoverage_Report_Factory->addItems() /usr/local/zend/share/pear/PHP/CodeCoverage/Report/Factory.php:95
[23-Nov-2011 15:13:38] PHP  17. PHP_CodeCoverage_Report_Node_Directory->addFile() /usr/local/zend/share/pear/PHP/CodeCoverage/Report/Factory.php:92
[23-Nov-2011 15:13:38] PHP  18. PHP_CodeCoverage_Report_Node_File->__construct() /usr/local/zend/share/pear/PHP/CodeCoverage/Report/Node/Directory.php:211
[23-Nov-2011 15:13:38] PHP  19. PHP_CodeCoverage_Util::getLinesToBeIgnored() /usr/local/zend/share/pear/PHP/CodeCoverage/Report/Node/File.php:166
[23-Nov-2011 15:13:38] PHP  20. PHP_Token_Stream_CachingFactory::get() /usr/local/zend/share/pear/PHP/CodeCoverage/Util.php:254
[23-Nov-2011 15:13:38] PHP  21. PHP_Token_Stream->__construct() /usr/local/zend/share/pear/PHP/Token/Stream/CachingFactory.php:68
[23-Nov-2011 15:13:38] PHP  22. PHP_Token_Stream->scan() /usr/local/zend/share/pear/PHP/Token/Stream.php:147
[23-Nov-2011 15:13:38] PHP  23. token_get_all() /usr/local/zend/share/pear/PHP/Token/Stream.php:190
[23-Nov-2011 15:17:46] PHP Fatal error:  Allowed memory size of 134217728 bytes exhausted (tried to allocate 71 bytes) in /usr/local/zend/share/pear/PHP/CodeCoverage/Util.php on line 262
[23-Nov-2011 15:17:46] PHP Stack trace:
[23-Nov-2011 15:17:46] PHP   1. {main}() /usr/local/zend/bin/phpunit:0
[23-Nov-2011 15:17:46] PHP   2. PHPUnit_TextUI_Command::main() /usr/local/zend/bin/phpunit:44
[23-Nov-2011 15:17:46] PHP   3. PHPUnit_TextUI_Command->run() /usr/local/zend/share/pear/PHPUnit/TextUI/Command.php:125
[23-Nov-2011 15:17:46] PHP   4. PHPUnit_TextUI_TestRunner->doRun() /usr/local/zend/share/pear/PHPUnit/TextUI/Command.php:187
[23-Nov-2011 15:17:46] PHP   5. PHP_CodeCoverage_Report_Clover->process() /usr/local/zend/share/pear/PHPUnit/TextUI/TestRunner.php:352
[23-Nov-2011 15:17:46] PHP   6. PHP_CodeCoverage->getReport() /usr/local/zend/share/pear/PHP/CodeCoverage/Report/Clover.php:85
[23-Nov-2011 15:17:46] PHP   7. PHP_CodeCoverage_Report_Factory->create() /usr/local/zend/share/pear/PHP/CodeCoverage.php:141
[23-Nov-2011 15:17:46] PHP   8. PHP_CodeCoverage_Report_Factory->addItems() /usr/local/zend/share/pear/PHP/CodeCoverage/Report/Factory.php:76
[23-Nov-2011 15:17:46] PHP   9. PHP_CodeCoverage_Report_Factory->addItems() /usr/local/zend/share/pear/PHP/CodeCoverage/Report/Factory.php:95
[23-Nov-2011 15:17:46] PHP  10. PHP_CodeCoverage_Report_Factory->addItems() /usr/local/zend/share/pear/PHP/CodeCoverage/Report/Factory.php:95
[23-Nov-2011 15:17:46] PHP  11. PHP_CodeCoverage_Report_Factory->addItems() /usr/local/zend/share/pear/PHP/CodeCoverage/Report/Factory.php:95
[23-Nov-2011 15:17:46] PHP  12. PHP_CodeCoverage_Report_Factory->addItems() /usr/local/zend/share/pear/PHP/CodeCoverage/Report/Factory.php:95
[23-Nov-2011 15:17:46] PHP  13. PHP_CodeCoverage_Report_Factory->addItems() /usr/local/zend/share/pear/PHP/CodeCoverage/Report/Factory.php:95
[23-Nov-2011 15:17:46] PHP  14. PHP_CodeCoverage_Report_Factory->addItems() /usr/local/zend/share/pear/PHP/CodeCoverage/Report/Factory.php:95
[23-Nov-2011 15:17:46] PHP  15. PHP_CodeCoverage_Report_Factory->addItems() /usr/local/zend/share/pear/PHP/CodeCoverage/Report/Factory.php:95
[23-Nov-2011 15:17:46] PHP  16. PHP_CodeCoverage_Report_Factory->addItems() /usr/local/zend/share/pear/PHP/CodeCoverage/Report/Factory.php:95
[23-Nov-2011 15:17:46] PHP  17. PHP_CodeCoverage_Report_Node_Directory->addFile() /usr/local/zend/share/pear/PHP/CodeCoverage/Report/Factory.php:92
[23-Nov-2011 15:17:46] PHP  18. PHP_CodeCoverage_Report_Node_File->__construct() /usr/local/zend/share/pear/PHP/CodeCoverage/Report/Node/Directory.php:211
[23-Nov-2011 15:17:46] PHP  19. PHP_CodeCoverage_Util::getLinesToBeIgnored() /usr/local/zend/share/pear/PHP/CodeCoverage/Report/Node/File.php:166
[23-Nov-2011 15:19:42] PHP Fatal error:  Allowed memory size of 134217728 bytes exhausted (tried to allocate 71 bytes) in /usr/local/zend/share/pear/PHP/CodeCoverage/Util.php on line 262
[23-Nov-2011 15:19:42] PHP Stack trace:
[23-Nov-2011 15:19:42] PHP   1. {main}() /usr/local/zend/bin/phpunit:0
[23-Nov-2011 15:19:42] PHP   2. PHPUnit_TextUI_Command::main() /usr/local/zend/bin/phpunit:44
[23-Nov-2011 15:19:42] PHP   3. PHPUnit_TextUI_Command->run() /usr/local/zend/share/pear/PHPUnit/TextUI/Command.php:125
[23-Nov-2011 15:19:42] PHP   4. PHPUnit_TextUI_TestRunner->doRun() /usr/local/zend/share/pear/PHPUnit/TextUI/Command.php:187
[23-Nov-2011 15:19:42] PHP   5. PHP_CodeCoverage_Report_Clover->process() /usr/local/zend/share/pear/PHPUnit/TextUI/TestRunner.php:352
[23-Nov-2011 15:19:42] PHP   6. PHP_CodeCoverage->getReport() /usr/local/zend/share/pear/PHP/CodeCoverage/Report/Clover.php:85
[23-Nov-2011 15:19:42] PHP   7. PHP_CodeCoverage_Report_Factory->create() /usr/local/zend/share/pear/PHP/CodeCoverage.php:141
[23-Nov-2011 15:19:42] PHP   8. PHP_CodeCoverage_Report_Factory->addItems() /usr/local/zend/share/pear/PHP/CodeCoverage/Report/Factory.php:76
[23-Nov-2011 15:19:42] PHP   9. PHP_CodeCoverage_Report_Factory->addItems() /usr/local/zend/share/pear/PHP/CodeCoverage/Report/Factory.php:95
[23-Nov-2011 15:19:42] PHP  10. PHP_CodeCoverage_Report_Factory->addItems() /usr/local/zend/share/pear/PHP/CodeCoverage/Report/Factory.php:95
[23-Nov-2011 15:19:42] PHP  11. PHP_CodeCoverage_Report_Factory->addItems() /usr/local/zend/share/pear/PHP/CodeCoverage/Report/Factory.php:95
[23-Nov-2011 15:19:42] PHP  12. PHP_CodeCoverage_Report_Factory->addItems() /usr/local/zend/share/pear/PHP/CodeCoverage/Report/Factory.php:95
[23-Nov-2011 15:19:42] PHP  13. PHP_CodeCoverage_Report_Factory->addItems() /usr/local/zend/share/pear/PHP/CodeCoverage/Report/Factory.php:95
[23-Nov-2011 15:19:42] PHP  14. PHP_CodeCoverage_Report_Factory->addItems() /usr/local/zend/share/pear/PHP/CodeCoverage/Report/Factory.php:95
[23-Nov-2011 15:19:42] PHP  15. PHP_CodeCoverage_Report_Factory->addItems() /usr/local/zend/share/pear/PHP/CodeCoverage/Report/Factory.php:95
[23-Nov-2011 15:19:42] PHP  16. PHP_CodeCoverage_Report_Factory->addItems() /usr/local/zend/share/pear/PHP/CodeCoverage/Report/Factory.php:95
[23-Nov-2011 15:19:42] PHP  17. PHP_CodeCoverage_Report_Node_Directory->addFile() /usr/local/zend/share/pear/PHP/CodeCoverage/Report/Factory.php:92
[23-Nov-2011 15:19:42] PHP  18. PHP_CodeCoverage_Report_Node_File->__construct() /usr/local/zend/share/pear/PHP/CodeCoverage/Report/Node/Directory.php:211
[23-Nov-2011 15:19:42] PHP  19. PHP_CodeCoverage_Util::getLinesToBeIgnored() /usr/local/zend/share/pear/PHP/CodeCoverage/Report/Node/File.php:166
[23-Nov-2011 15:20:50] PHP Fatal error:  Maximum execution time of 5 seconds exceeded in /usr/local/zend/share/pear/PHP/CodeCoverage/Report/Clover.php on line 161
[23-Nov-2011 15:20:50] PHP Stack trace:
[23-Nov-2011 15:20:50] PHP   1. {main}() /usr/local/zend/bin/phpunit:0
[23-Nov-2011 15:20:50] PHP   2. PHPUnit_TextUI_Command::main() /usr/local/zend/bin/phpunit:44
[23-Nov-2011 15:20:50] PHP   3. PHPUnit_TextUI_Command->run() /usr/local/zend/share/pear/PHPUnit/TextUI/Command.php:125
[23-Nov-2011 15:20:50] PHP   4. PHPUnit_TextUI_TestRunner->doRun() /usr/local/zend/share/pear/PHPUnit/TextUI/Command.php:187
[23-Nov-2011 15:20:50] PHP   5. PHP_CodeCoverage_Report_Clover->process() /usr/local/zend/share/pear/PHPUnit/TextUI/TestRunner.php:352
[23-Nov-2011 16:34:47] PHP Parse error:  syntax error, unexpected ')' in /var/www/site1/tests/application/services/BlogTest.php on line 52
[23-Nov-2011 16:34:47] PHP Stack trace:
[23-Nov-2011 16:34:47] PHP   1. {main}() /usr/local/zend/bin/phpunit:0
[23-Nov-2011 16:34:47] PHP   2. PHPUnit_TextUI_Command::main() /usr/local/zend/bin/phpunit:44
[23-Nov-2011 16:34:47] PHP   3. PHPUnit_TextUI_Command->run() /usr/local/zend/share/pear/PHPUnit/TextUI/Command.php:125
[23-Nov-2011 16:34:47] PHP   4. PHPUnit_TextUI_Command->handleArguments() /usr/local/zend/share/pear/PHPUnit/TextUI/Command.php:134
[23-Nov-2011 16:34:47] PHP   5. PHPUnit_Util_Configuration->getTestSuiteConfiguration() /usr/local/zend/share/pear/PHPUnit/TextUI/Command.php:670
[23-Nov-2011 16:34:47] PHP   6. PHPUnit_Util_Configuration->getTestSuite() /usr/local/zend/share/pear/PHPUnit/Util/Configuration.php:768
[23-Nov-2011 16:34:47] PHP   7. PHPUnit_Framework_TestSuite->addTestFiles() /usr/local/zend/share/pear/PHPUnit/Util/Configuration.php:848
[23-Nov-2011 16:34:47] PHP   8. PHPUnit_Framework_TestSuite->addTestFile() /usr/local/zend/share/pear/PHPUnit/Framework/TestSuite.php:419
[23-Nov-2011 16:34:47] PHP   9. PHPUnit_Util_Fileloader::checkAndLoad() /usr/local/zend/share/pear/PHPUnit/Framework/TestSuite.php:358
[23-Nov-2011 16:34:47] PHP  10. PHPUnit_Util_Fileloader::load() /usr/local/zend/share/pear/PHPUnit/Util/Fileloader.php:79
[23-Nov-2011 16:35:32] PHP Parse error:  syntax error, unexpected ')' in /var/www/site1/tests/application/services/BlogTest.php on line 52
[23-Nov-2011 16:35:32] PHP Stack trace:
[23-Nov-2011 16:35:32] PHP   1. {main}() /usr/local/zend/bin/phpunit:0
[23-Nov-2011 16:35:32] PHP   2. PHPUnit_TextUI_Command::main() /usr/local/zend/bin/phpunit:44
[23-Nov-2011 16:35:32] PHP   3. PHPUnit_TextUI_Command->run() /usr/local/zend/share/pear/PHPUnit/TextUI/Command.php:125
[23-Nov-2011 16:35:32] PHP   4. PHPUnit_TextUI_Command->handleArguments() /usr/local/zend/share/pear/PHPUnit/TextUI/Command.php:134
[23-Nov-2011 16:35:32] PHP   5. PHPUnit_Util_Configuration->getTestSuiteConfiguration() /usr/local/zend/share/pear/PHPUnit/TextUI/Command.php:670
[23-Nov-2011 16:35:32] PHP   6. PHPUnit_Util_Configuration->getTestSuite() /usr/local/zend/share/pear/PHPUnit/Util/Configuration.php:768
[23-Nov-2011 16:35:32] PHP   7. PHPUnit_Framework_TestSuite->addTestFiles() /usr/local/zend/share/pear/PHPUnit/Util/Configuration.php:848
[23-Nov-2011 16:35:32] PHP   8. PHPUnit_Framework_TestSuite->addTestFile() /usr/local/zend/share/pear/PHPUnit/Framework/TestSuite.php:419
[23-Nov-2011 16:35:32] PHP   9. PHPUnit_Util_Fileloader::checkAndLoad() /usr/local/zend/share/pear/PHPUnit/Framework/TestSuite.php:358
[23-Nov-2011 16:35:32] PHP  10. PHPUnit_Util_Fileloader::load() /usr/local/zend/share/pear/PHPUnit/Util/Fileloader.php:79
[23-Nov-2011 16:36:13] PHP Fatal error:  Call to a member function setArtId() on a non-object in /var/www/site1/tests/application/services/BlogTest.php on line 50
[23-Nov-2011 16:36:13] PHP Stack trace:
[23-Nov-2011 16:36:13] PHP   1. {main}() /usr/local/zend/bin/phpunit:0
[23-Nov-2011 16:36:13] PHP   2. PHPUnit_TextUI_Command::main() /usr/local/zend/bin/phpunit:44
[23-Nov-2011 16:36:13] PHP   3. PHPUnit_TextUI_Command->run() /usr/local/zend/share/pear/PHPUnit/TextUI/Command.php:125
[23-Nov-2011 16:36:13] PHP   4. PHPUnit_TextUI_TestRunner->doRun() /usr/local/zend/share/pear/PHPUnit/TextUI/Command.php:187
[23-Nov-2011 16:36:13] PHP   5. PHPUnit_Framework_TestSuite->run() /usr/local/zend/share/pear/PHPUnit/TextUI/TestRunner.php:325
[23-Nov-2011 16:36:13] PHP   6. PHPUnit_Framework_TestSuite->run() /usr/local/zend/share/pear/PHPUnit/Framework/TestSuite.php:705
[23-Nov-2011 16:36:13] PHP   7. PHPUnit_Framework_TestSuite->runTest() /usr/local/zend/share/pear/PHPUnit/Framework/TestSuite.php:745
[23-Nov-2011 16:36:13] PHP   8. PHPUnit_Framework_TestCase->run() /usr/local/zend/share/pear/PHPUnit/Framework/TestSuite.php:772
[23-Nov-2011 16:36:13] PHP   9. PHPUnit_Framework_TestResult->run() /usr/local/zend/share/pear/PHPUnit/Framework/TestCase.php:727
[23-Nov-2011 16:36:13] PHP  10. PHPUnit_Framework_TestCase->runBare() /usr/local/zend/share/pear/PHPUnit/Framework/TestResult.php:649
[23-Nov-2011 16:36:13] PHP  11. PHPUnit_Framework_TestCase->runTest() /usr/local/zend/share/pear/PHPUnit/Framework/TestCase.php:780
[23-Nov-2011 16:36:13] PHP  12. ReflectionMethod->invokeArgs() /usr/local/zend/share/pear/PHPUnit/Framework/TestCase.php:918
[23-Nov-2011 16:36:13] PHP  13. BlogTest->testThatSaveCommentShouldReturnCommentObject_ObjectGiven() /usr/local/zend/share/pear/PHPUnit/Framework/TestCase.php:918
[23-Nov-2011 16:52:05] PHP Fatal error:  Undefined class constant 'COMMENT_CREATION_FAILURE_FORM_INVALID' in /var/www/site1/tests/application/services/BlogTest.php on line 82
[23-Nov-2011 16:52:05] PHP Stack trace:
[23-Nov-2011 16:52:05] PHP   1. {main}() /usr/local/zend/bin/phpunit:0
[23-Nov-2011 16:52:05] PHP   2. PHPUnit_TextUI_Command::main() /usr/local/zend/bin/phpunit:44
[23-Nov-2011 16:52:05] PHP   3. PHPUnit_TextUI_Command->run() /usr/local/zend/share/pear/PHPUnit/TextUI/Command.php:125
[23-Nov-2011 16:52:05] PHP   4. PHPUnit_TextUI_TestRunner->doRun() /usr/local/zend/share/pear/PHPUnit/TextUI/Command.php:187
[23-Nov-2011 16:52:05] PHP   5. PHPUnit_Framework_TestSuite->run() /usr/local/zend/share/pear/PHPUnit/TextUI/TestRunner.php:325
[23-Nov-2011 16:52:05] PHP   6. PHPUnit_Framework_TestSuite->run() /usr/local/zend/share/pear/PHPUnit/Framework/TestSuite.php:705
[23-Nov-2011 16:52:05] PHP   7. PHPUnit_Framework_TestSuite->runTest() /usr/local/zend/share/pear/PHPUnit/Framework/TestSuite.php:745
[23-Nov-2011 16:52:05] PHP   8. PHPUnit_Framework_TestCase->run() /usr/local/zend/share/pear/PHPUnit/Framework/TestSuite.php:772
[23-Nov-2011 16:52:05] PHP   9. PHPUnit_Framework_TestResult->run() /usr/local/zend/share/pear/PHPUnit/Framework/TestCase.php:727
[23-Nov-2011 16:52:05] PHP  10. PHPUnit_Framework_TestCase->runBare() /usr/local/zend/share/pear/PHPUnit/Framework/TestResult.php:649
[23-Nov-2011 16:52:05] PHP  11. PHPUnit_Framework_TestCase->runTest() /usr/local/zend/share/pear/PHPUnit/Framework/TestCase.php:780
[23-Nov-2011 16:52:05] PHP  12. ReflectionMethod->invokeArgs() /usr/local/zend/share/pear/PHPUnit/Framework/TestCase.php:918
[23-Nov-2011 16:52:05] PHP  13. BlogTest->testThatSaveCommentShouldReturnConstant_InvalidFormGiven() /usr/local/zend/share/pear/PHPUnit/Framework/TestCase.php:918
[23-Nov-2011 16:52:33] PHP Fatal error:  Undefined class constant 'COMMENT_CREATION_FAILURE_FORM_INVALID' in /var/www/site1/tests/application/services/BlogTest.php on line 82
[23-Nov-2011 16:52:33] PHP Stack trace:
[23-Nov-2011 16:52:33] PHP   1. {main}() /usr/local/zend/bin/phpunit:0
[23-Nov-2011 16:52:33] PHP   2. PHPUnit_TextUI_Command::main() /usr/local/zend/bin/phpunit:44
[23-Nov-2011 16:52:33] PHP   3. PHPUnit_TextUI_Command->run() /usr/local/zend/share/pear/PHPUnit/TextUI/Command.php:125
[23-Nov-2011 16:52:33] PHP   4. PHPUnit_TextUI_TestRunner->doRun() /usr/local/zend/share/pear/PHPUnit/TextUI/Command.php:187
[23-Nov-2011 16:52:33] PHP   5. PHPUnit_Framework_TestSuite->run() /usr/local/zend/share/pear/PHPUnit/TextUI/TestRunner.php:325
[23-Nov-2011 16:52:33] PHP   6. PHPUnit_Framework_TestSuite->run() /usr/local/zend/share/pear/PHPUnit/Framework/TestSuite.php:705
[23-Nov-2011 16:52:33] PHP   7. PHPUnit_Framework_TestSuite->runTest() /usr/local/zend/share/pear/PHPUnit/Framework/TestSuite.php:745
[23-Nov-2011 16:52:33] PHP   8. PHPUnit_Framework_TestCase->run() /usr/local/zend/share/pear/PHPUnit/Framework/TestSuite.php:772
[23-Nov-2011 16:52:33] PHP   9. PHPUnit_Framework_TestResult->run() /usr/local/zend/share/pear/PHPUnit/Framework/TestCase.php:727
[23-Nov-2011 16:52:33] PHP  10. PHPUnit_Framework_TestCase->runBare() /usr/local/zend/share/pear/PHPUnit/Framework/TestResult.php:649
[23-Nov-2011 16:52:33] PHP  11. PHPUnit_Framework_TestCase->runTest() /usr/local/zend/share/pear/PHPUnit/Framework/TestCase.php:780
[23-Nov-2011 16:52:33] PHP  12. ReflectionMethod->invokeArgs() /usr/local/zend/share/pear/PHPUnit/Framework/TestCase.php:918
[23-Nov-2011 16:52:33] PHP  13. BlogTest->testThatSaveCommentShouldReturnConstant_InvalidFormGiven() /usr/local/zend/share/pear/PHPUnit/Framework/TestCase.php:918
[23-Nov-2011 17:10:28] PHP Parse error:  syntax error, unexpected T_OBJECT_OPERATOR in /var/www/site1/tests/application/services/BlogTest.php on line 98
[23-Nov-2011 17:10:28] PHP Stack trace:
[23-Nov-2011 17:10:28] PHP   1. {main}() /usr/local/zend/bin/phpunit:0
[23-Nov-2011 17:10:28] PHP   2. PHPUnit_TextUI_Command::main() /usr/local/zend/bin/phpunit:44
[23-Nov-2011 17:10:28] PHP   3. PHPUnit_TextUI_Command->run() /usr/local/zend/share/pear/PHPUnit/TextUI/Command.php:125
[23-Nov-2011 17:10:28] PHP   4. PHPUnit_TextUI_Command->handleArguments() /usr/local/zend/share/pear/PHPUnit/TextUI/Command.php:134
[23-Nov-2011 17:10:28] PHP   5. PHPUnit_Util_Configuration->getTestSuiteConfiguration() /usr/local/zend/share/pear/PHPUnit/TextUI/Command.php:670
[23-Nov-2011 17:10:28] PHP   6. PHPUnit_Util_Configuration->getTestSuite() /usr/local/zend/share/pear/PHPUnit/Util/Configuration.php:768
[23-Nov-2011 17:10:28] PHP   7. PHPUnit_Framework_TestSuite->addTestFiles() /usr/local/zend/share/pear/PHPUnit/Util/Configuration.php:848
[23-Nov-2011 17:10:28] PHP   8. PHPUnit_Framework_TestSuite->addTestFile() /usr/local/zend/share/pear/PHPUnit/Framework/TestSuite.php:419
[23-Nov-2011 17:10:28] PHP   9. PHPUnit_Util_Fileloader::checkAndLoad() /usr/local/zend/share/pear/PHPUnit/Framework/TestSuite.php:358
[23-Nov-2011 17:10:28] PHP  10. PHPUnit_Util_Fileloader::load() /usr/local/zend/share/pear/PHPUnit/Util/Fileloader.php:79
[23-Nov-2011 17:10:56] PHP Parse error:  syntax error, unexpected T_OBJECT_OPERATOR in /var/www/site1/tests/application/services/BlogTest.php on line 98
[23-Nov-2011 17:10:56] PHP Stack trace:
[23-Nov-2011 17:10:56] PHP   1. {main}() /usr/local/zend/bin/phpunit:0
[23-Nov-2011 17:10:56] PHP   2. PHPUnit_TextUI_Command::main() /usr/local/zend/bin/phpunit:44
[23-Nov-2011 17:10:56] PHP   3. PHPUnit_TextUI_Command->run() /usr/local/zend/share/pear/PHPUnit/TextUI/Command.php:125
[23-Nov-2011 17:10:56] PHP   4. PHPUnit_TextUI_Command->handleArguments() /usr/local/zend/share/pear/PHPUnit/TextUI/Command.php:134
[23-Nov-2011 17:10:56] PHP   5. PHPUnit_Util_Configuration->getTestSuiteConfiguration() /usr/local/zend/share/pear/PHPUnit/TextUI/Command.php:670
[23-Nov-2011 17:10:56] PHP   6. PHPUnit_Util_Configuration->getTestSuite() /usr/local/zend/share/pear/PHPUnit/Util/Configuration.php:768
[23-Nov-2011 17:10:56] PHP   7. PHPUnit_Framework_TestSuite->addTestFiles() /usr/local/zend/share/pear/PHPUnit/Util/Configuration.php:848
[23-Nov-2011 17:10:56] PHP   8. PHPUnit_Framework_TestSuite->addTestFile() /usr/local/zend/share/pear/PHPUnit/Framework/TestSuite.php:419
[23-Nov-2011 17:10:56] PHP   9. PHPUnit_Util_Fileloader::checkAndLoad() /usr/local/zend/share/pear/PHPUnit/Framework/TestSuite.php:358
[23-Nov-2011 17:10:56] PHP  10. PHPUnit_Util_Fileloader::load() /usr/local/zend/share/pear/PHPUnit/Util/Fileloader.php:79
[24-Nov-2011 09:26:34] PHP Parse error:  syntax error, unexpected ')' in /var/www/site1/tests/application/models/ArticleTest.php on line 11
[24-Nov-2011 09:26:34] PHP Stack trace:
[24-Nov-2011 09:26:34] PHP   1. {main}() /usr/local/zend/bin/phpunit:0
[24-Nov-2011 09:26:34] PHP   2. PHPUnit_TextUI_Command::main() /usr/local/zend/bin/phpunit:44
[24-Nov-2011 09:26:34] PHP   3. PHPUnit_TextUI_Command->run() /usr/local/zend/share/pear/PHPUnit/TextUI/Command.php:125
[24-Nov-2011 09:26:34] PHP   4. PHPUnit_TextUI_Command->handleArguments() /usr/local/zend/share/pear/PHPUnit/TextUI/Command.php:134
[24-Nov-2011 09:26:34] PHP   5. PHPUnit_Util_Configuration->getTestSuiteConfiguration() /usr/local/zend/share/pear/PHPUnit/TextUI/Command.php:670
[24-Nov-2011 09:26:34] PHP   6. PHPUnit_Util_Configuration->getTestSuite() /usr/local/zend/share/pear/PHPUnit/Util/Configuration.php:768
[24-Nov-2011 09:26:34] PHP   7. PHPUnit_Framework_TestSuite->addTestFiles() /usr/local/zend/share/pear/PHPUnit/Util/Configuration.php:848
[24-Nov-2011 09:26:34] PHP   8. PHPUnit_Framework_TestSuite->addTestFile() /usr/local/zend/share/pear/PHPUnit/Framework/TestSuite.php:419
[24-Nov-2011 09:26:34] PHP   9. PHPUnit_Util_Fileloader::checkAndLoad() /usr/local/zend/share/pear/PHPUnit/Framework/TestSuite.php:358
[24-Nov-2011 09:26:34] PHP  10. PHPUnit_Util_Fileloader::load() /usr/local/zend/share/pear/PHPUnit/Util/Fileloader.php:79
[24-Nov-2011 09:26:53] PHP Parse error:  syntax error, unexpected ')' in /var/www/site1/tests/application/models/ArticleTest.php on line 11
[24-Nov-2011 09:26:53] PHP Stack trace:
[24-Nov-2011 09:26:53] PHP   1. {main}() /usr/local/zend/bin/phpunit:0
[24-Nov-2011 09:26:53] PHP   2. PHPUnit_TextUI_Command::main() /usr/local/zend/bin/phpunit:44
[24-Nov-2011 09:26:53] PHP   3. PHPUnit_TextUI_Command->run() /usr/local/zend/share/pear/PHPUnit/TextUI/Command.php:125
[24-Nov-2011 09:26:53] PHP   4. PHPUnit_TextUI_Command->handleArguments() /usr/local/zend/share/pear/PHPUnit/TextUI/Command.php:134
[24-Nov-2011 09:26:53] PHP   5. PHPUnit_Util_Configuration->getTestSuiteConfiguration() /usr/local/zend/share/pear/PHPUnit/TextUI/Command.php:670
[24-Nov-2011 09:26:53] PHP   6. PHPUnit_Util_Configuration->getTestSuite() /usr/local/zend/share/pear/PHPUnit/Util/Configuration.php:768
[24-Nov-2011 09:26:53] PHP   7. PHPUnit_Framework_TestSuite->addTestFiles() /usr/local/zend/share/pear/PHPUnit/Util/Configuration.php:848
[24-Nov-2011 09:26:53] PHP   8. PHPUnit_Framework_TestSuite->addTestFile() /usr/local/zend/share/pear/PHPUnit/Framework/TestSuite.php:419
[24-Nov-2011 09:26:53] PHP   9. PHPUnit_Util_Fileloader::checkAndLoad() /usr/local/zend/share/pear/PHPUnit/Framework/TestSuite.php:358
[24-Nov-2011 09:26:53] PHP  10. PHPUnit_Util_Fileloader::load() /usr/local/zend/share/pear/PHPUnit/Util/Fileloader.php:79
[24-Nov-2011 09:27:43] PHP Fatal error:  Call to undefined method Application_Model_Article::getLabel() in /var/www/site1/tests/application/models/ArticleTest.php on line 15
[24-Nov-2011 09:27:43] PHP Stack trace:
[24-Nov-2011 09:27:43] PHP   1. {main}() /usr/local/zend/bin/phpunit:0
[24-Nov-2011 09:27:43] PHP   2. PHPUnit_TextUI_Command::main() /usr/local/zend/bin/phpunit:44
[24-Nov-2011 09:27:43] PHP   3. PHPUnit_TextUI_Command->run() /usr/local/zend/share/pear/PHPUnit/TextUI/Command.php:125
[24-Nov-2011 09:27:43] PHP   4. PHPUnit_TextUI_TestRunner->doRun() /usr/local/zend/share/pear/PHPUnit/TextUI/Command.php:187
[24-Nov-2011 09:27:43] PHP   5. PHPUnit_Framework_TestSuite->run() /usr/local/zend/share/pear/PHPUnit/TextUI/TestRunner.php:325
[24-Nov-2011 09:27:43] PHP   6. PHPUnit_Framework_TestSuite->run() /usr/local/zend/share/pear/PHPUnit/Framework/TestSuite.php:705
[24-Nov-2011 09:27:43] PHP   7. PHPUnit_Framework_TestSuite->runTest() /usr/local/zend/share/pear/PHPUnit/Framework/TestSuite.php:745
[24-Nov-2011 09:27:43] PHP   8. PHPUnit_Framework_TestCase->run() /usr/local/zend/share/pear/PHPUnit/Framework/TestSuite.php:772
[24-Nov-2011 09:27:43] PHP   9. PHPUnit_Framework_TestResult->run() /usr/local/zend/share/pear/PHPUnit/Framework/TestCase.php:727
[24-Nov-2011 09:27:43] PHP  10. PHPUnit_Framework_TestCase->runBare() /usr/local/zend/share/pear/PHPUnit/Framework/TestResult.php:649
[24-Nov-2011 09:27:43] PHP  11. PHPUnit_Framework_TestCase->runTest() /usr/local/zend/share/pear/PHPUnit/Framework/TestCase.php:780
[24-Nov-2011 09:27:43] PHP  12. ReflectionMethod->invokeArgs() /usr/local/zend/share/pear/PHPUnit/Framework/TestCase.php:918
[24-Nov-2011 09:27:43] PHP  13. ArticleTest->testArticleSettersAndGetterAreWorkingFine() /usr/local/zend/share/pear/PHPUnit/Framework/TestCase.php:918
[24-Nov-2011 09:28:57] PHP Fatal error:  Call to undefined method Application_Model_Article::getLabel() in /var/www/site1/tests/application/models/ArticleTest.php on line 15
[24-Nov-2011 09:28:57] PHP Stack trace:
[24-Nov-2011 09:28:57] PHP   1. {main}() /usr/local/zend/bin/phpunit:0
[24-Nov-2011 09:28:57] PHP   2. PHPUnit_TextUI_Command::main() /usr/local/zend/bin/phpunit:44
[24-Nov-2011 09:28:57] PHP   3. PHPUnit_TextUI_Command->run() /usr/local/zend/share/pear/PHPUnit/TextUI/Command.php:125
[24-Nov-2011 09:28:57] PHP   4. PHPUnit_TextUI_TestRunner->doRun() /usr/local/zend/share/pear/PHPUnit/TextUI/Command.php:187
[24-Nov-2011 09:28:57] PHP   5. PHPUnit_Framework_TestSuite->run() /usr/local/zend/share/pear/PHPUnit/TextUI/TestRunner.php:325
[24-Nov-2011 09:28:57] PHP   6. PHPUnit_Framework_TestSuite->run() /usr/local/zend/share/pear/PHPUnit/Framework/TestSuite.php:705
[24-Nov-2011 09:28:57] PHP   7. PHPUnit_Framework_TestSuite->runTest() /usr/local/zend/share/pear/PHPUnit/Framework/TestSuite.php:745
[24-Nov-2011 09:28:57] PHP   8. PHPUnit_Framework_TestCase->run() /usr/local/zend/share/pear/PHPUnit/Framework/TestSuite.php:772
[24-Nov-2011 09:28:57] PHP   9. PHPUnit_Framework_TestResult->run() /usr/local/zend/share/pear/PHPUnit/Framework/TestCase.php:727
[24-Nov-2011 09:28:57] PHP  10. PHPUnit_Framework_TestCase->runBare() /usr/local/zend/share/pear/PHPUnit/Framework/TestResult.php:649
[24-Nov-2011 09:28:57] PHP  11. PHPUnit_Framework_TestCase->runTest() /usr/local/zend/share/pear/PHPUnit/Framework/TestCase.php:780
[24-Nov-2011 09:28:57] PHP  12. ReflectionMethod->invokeArgs() /usr/local/zend/share/pear/PHPUnit/Framework/TestCase.php:918
[24-Nov-2011 09:28:57] PHP  13. ArticleTest->testArticleSettersAndGetterAreWorkingFine() /usr/local/zend/share/pear/PHPUnit/Framework/TestCase.php:918
[24-Nov-2011 10:23:56] PHP Fatal error:  Call to undefined method Application_Service_Blog::_registerMapper() in /var/www/site1/application/services/Blog.php on line 41
[24-Nov-2011 10:23:56] PHP Stack trace:
[24-Nov-2011 10:23:56] PHP   1. {main}() /usr/local/zend/bin/phpunit:0
[24-Nov-2011 10:23:56] PHP   2. PHPUnit_TextUI_Command::main() /usr/local/zend/bin/phpunit:44
[24-Nov-2011 10:23:56] PHP   3. PHPUnit_TextUI_Command->run() /usr/local/zend/share/pear/PHPUnit/TextUI/Command.php:125
[24-Nov-2011 10:23:56] PHP   4. PHPUnit_TextUI_TestRunner->doRun() /usr/local/zend/share/pear/PHPUnit/TextUI/Command.php:187
[24-Nov-2011 10:23:56] PHP   5. PHPUnit_Framework_TestSuite->run() /usr/local/zend/share/pear/PHPUnit/TextUI/TestRunner.php:325
[24-Nov-2011 10:23:56] PHP   6. PHPUnit_Framework_TestSuite->run() /usr/local/zend/share/pear/PHPUnit/Framework/TestSuite.php:705
[24-Nov-2011 10:23:56] PHP   7. PHPUnit_Framework_TestSuite->runTest() /usr/local/zend/share/pear/PHPUnit/Framework/TestSuite.php:745
[24-Nov-2011 10:23:56] PHP   8. PHPUnit_Framework_TestCase->run() /usr/local/zend/share/pear/PHPUnit/Framework/TestSuite.php:772
[24-Nov-2011 10:23:56] PHP   9. PHPUnit_Framework_TestResult->run() /usr/local/zend/share/pear/PHPUnit/Framework/TestCase.php:727
[24-Nov-2011 10:23:56] PHP  10. PHPUnit_Framework_TestCase->runBare() /usr/local/zend/share/pear/PHPUnit/Framework/TestResult.php:649
[24-Nov-2011 10:23:56] PHP  11. BlogTest->setUp() /usr/local/zend/share/pear/PHPUnit/Framework/TestCase.php:777
[24-Nov-2011 10:23:56] PHP  12. Application_Service_Blog->__construct() /var/www/site1/tests/application/services/BlogTest.php:7
[24-Nov-2011 11:06:58] PHP Fatal error:  Call to undefined method Application_Service_Blog::getMapperByName() in /var/www/site1/tests/application/services/BlogTest.php on line 13
[24-Nov-2011 11:06:58] PHP Stack trace:
[24-Nov-2011 11:06:58] PHP   1. {main}() /usr/local/zend/bin/phpunit:0
[24-Nov-2011 11:06:58] PHP   2. PHPUnit_TextUI_Command::main() /usr/local/zend/bin/phpunit:44
[24-Nov-2011 11:06:58] PHP   3. PHPUnit_TextUI_Command->run() /usr/local/zend/share/pear/PHPUnit/TextUI/Command.php:125
[24-Nov-2011 11:06:58] PHP   4. PHPUnit_TextUI_TestRunner->doRun() /usr/local/zend/share/pear/PHPUnit/TextUI/Command.php:187
[24-Nov-2011 11:06:58] PHP   5. PHPUnit_Framework_TestSuite->run() /usr/local/zend/share/pear/PHPUnit/TextUI/TestRunner.php:325
[24-Nov-2011 11:06:58] PHP   6. PHPUnit_Framework_TestSuite->run() /usr/local/zend/share/pear/PHPUnit/Framework/TestSuite.php:705
[24-Nov-2011 11:06:58] PHP   7. PHPUnit_Framework_TestSuite->runTest() /usr/local/zend/share/pear/PHPUnit/Framework/TestSuite.php:745
[24-Nov-2011 11:06:58] PHP   8. PHPUnit_Framework_TestCase->run() /usr/local/zend/share/pear/PHPUnit/Framework/TestSuite.php:772
[24-Nov-2011 11:06:58] PHP   9. PHPUnit_Framework_TestResult->run() /usr/local/zend/share/pear/PHPUnit/Framework/TestCase.php:727
[24-Nov-2011 11:06:58] PHP  10. PHPUnit_Framework_TestCase->runBare() /usr/local/zend/share/pear/PHPUnit/Framework/TestResult.php:649
[24-Nov-2011 11:06:58] PHP  11. PHPUnit_Framework_TestCase->runTest() /usr/local/zend/share/pear/PHPUnit/Framework/TestCase.php:780
[24-Nov-2011 11:06:58] PHP  12. ReflectionMethod->invokeArgs() /usr/local/zend/share/pear/PHPUnit/Framework/TestCase.php:918
[24-Nov-2011 11:06:58] PHP  13. BlogTest->testFindcategoryMethodShouldReturnCategoryObject() /usr/local/zend/share/pear/PHPUnit/Framework/TestCase.php:918
[24-Nov-2011 11:23:15] PHP Fatal error:  Call to undefined method Application_Service_Blog::getMapperByName() in /var/www/site1/tests/application/services/BlogTest.php on line 13
[24-Nov-2011 11:23:15] PHP Stack trace:
[24-Nov-2011 11:23:15] PHP   1. {main}() /usr/local/zend/bin/phpunit:0
[24-Nov-2011 11:23:15] PHP   2. PHPUnit_TextUI_Command::main() /usr/local/zend/bin/phpunit:44
[24-Nov-2011 11:23:15] PHP   3. PHPUnit_TextUI_Command->run() /usr/local/zend/share/pear/PHPUnit/TextUI/Command.php:125
[24-Nov-2011 11:23:15] PHP   4. PHPUnit_TextUI_TestRunner->doRun() /usr/local/zend/share/pear/PHPUnit/TextUI/Command.php:187
[24-Nov-2011 11:23:15] PHP   5. PHPUnit_Framework_TestSuite->run() /usr/local/zend/share/pear/PHPUnit/TextUI/TestRunner.php:325
[24-Nov-2011 11:23:15] PHP   6. PHPUnit_Framework_TestSuite->run() /usr/local/zend/share/pear/PHPUnit/Framework/TestSuite.php:705
[24-Nov-2011 11:23:15] PHP   7. PHPUnit_Framework_TestSuite->runTest() /usr/local/zend/share/pear/PHPUnit/Framework/TestSuite.php:745
[24-Nov-2011 11:23:15] PHP   8. PHPUnit_Framework_TestCase->run() /usr/local/zend/share/pear/PHPUnit/Framework/TestSuite.php:772
[24-Nov-2011 11:23:15] PHP   9. PHPUnit_Framework_TestResult->run() /usr/local/zend/share/pear/PHPUnit/Framework/TestCase.php:727
[24-Nov-2011 11:23:15] PHP  10. PHPUnit_Framework_TestCase->runBare() /usr/local/zend/share/pear/PHPUnit/Framework/TestResult.php:649
[24-Nov-2011 11:23:15] PHP  11. PHPUnit_Framework_TestCase->runTest() /usr/local/zend/share/pear/PHPUnit/Framework/TestCase.php:780
[24-Nov-2011 11:23:15] PHP  12. ReflectionMethod->invokeArgs() /usr/local/zend/share/pear/PHPUnit/Framework/TestCase.php:918
[24-Nov-2011 11:23:15] PHP  13. BlogTest->testFindcategoryMethodShouldReturnCategoryObject() /usr/local/zend/share/pear/PHPUnit/Framework/TestCase.php:918
[24-Nov-2011 11:24:13] PHP Fatal error:  Call to undefined method Application_Service_Blog::getMapperByName() in /var/www/site1/tests/application/services/BlogTest.php on line 20
[24-Nov-2011 11:24:13] PHP Stack trace:
[24-Nov-2011 11:24:13] PHP   1. {main}() /usr/local/zend/bin/phpunit:0
[24-Nov-2011 11:24:13] PHP   2. PHPUnit_TextUI_Command::main() /usr/local/zend/bin/phpunit:44
[24-Nov-2011 11:24:13] PHP   3. PHPUnit_TextUI_Command->run() /usr/local/zend/share/pear/PHPUnit/TextUI/Command.php:125
[24-Nov-2011 11:24:13] PHP   4. PHPUnit_TextUI_TestRunner->doRun() /usr/local/zend/share/pear/PHPUnit/TextUI/Command.php:187
[24-Nov-2011 11:24:13] PHP   5. PHPUnit_Framework_TestSuite->run() /usr/local/zend/share/pear/PHPUnit/TextUI/TestRunner.php:325
[24-Nov-2011 11:24:13] PHP   6. PHPUnit_Framework_TestSuite->run() /usr/local/zend/share/pear/PHPUnit/Framework/TestSuite.php:705
[24-Nov-2011 11:24:13] PHP   7. PHPUnit_Framework_TestSuite->runTest() /usr/local/zend/share/pear/PHPUnit/Framework/TestSuite.php:745
[24-Nov-2011 11:24:13] PHP   8. PHPUnit_Framework_TestCase->run() /usr/local/zend/share/pear/PHPUnit/Framework/TestSuite.php:772
[24-Nov-2011 11:24:13] PHP   9. PHPUnit_Framework_TestResult->run() /usr/local/zend/share/pear/PHPUnit/Framework/TestCase.php:727
[24-Nov-2011 11:24:13] PHP  10. PHPUnit_Framework_TestCase->runBare() /usr/local/zend/share/pear/PHPUnit/Framework/TestResult.php:649
[24-Nov-2011 11:24:13] PHP  11. PHPUnit_Framework_TestCase->runTest() /usr/local/zend/share/pear/PHPUnit/Framework/TestCase.php:780
[24-Nov-2011 11:24:13] PHP  12. ReflectionMethod->invokeArgs() /usr/local/zend/share/pear/PHPUnit/Framework/TestCase.php:918
[24-Nov-2011 11:24:13] PHP  13. BlogTest->testListarticlesMethodShouldReturnArrayOfArticleObjects() /usr/local/zend/share/pear/PHPUnit/Framework/TestCase.php:918
[24-Nov-2011 11:32:25] PHP Fatal error:  Cannot redeclare class ArticleTest in /var/www/site1/tests/application/models/mappers/ArticleTest.php on line 21
[24-Nov-2011 11:32:25] PHP Stack trace:
[24-Nov-2011 11:32:25] PHP   1. {main}() /usr/local/zend/bin/phpunit:0
[24-Nov-2011 11:32:25] PHP   2. PHPUnit_TextUI_Command::main() /usr/local/zend/bin/phpunit:44
[24-Nov-2011 11:32:25] PHP   3. PHPUnit_TextUI_Command->run() /usr/local/zend/share/pear/PHPUnit/TextUI/Command.php:125
[24-Nov-2011 11:32:25] PHP   4. PHPUnit_TextUI_Command->handleArguments() /usr/local/zend/share/pear/PHPUnit/TextUI/Command.php:134
[24-Nov-2011 11:32:25] PHP   5. PHPUnit_Util_Configuration->getTestSuiteConfiguration() /usr/local/zend/share/pear/PHPUnit/TextUI/Command.php:670
[24-Nov-2011 11:32:25] PHP   6. PHPUnit_Util_Configuration->getTestSuite() /usr/local/zend/share/pear/PHPUnit/Util/Configuration.php:768
[24-Nov-2011 11:32:25] PHP   7. PHPUnit_Framework_TestSuite->addTestFiles() /usr/local/zend/share/pear/PHPUnit/Util/Configuration.php:848
[24-Nov-2011 11:32:25] PHP   8. PHPUnit_Framework_TestSuite->addTestFile() /usr/local/zend/share/pear/PHPUnit/Framework/TestSuite.php:419
[24-Nov-2011 11:32:25] PHP   9. PHPUnit_Util_Fileloader::checkAndLoad() /usr/local/zend/share/pear/PHPUnit/Framework/TestSuite.php:358
[24-Nov-2011 11:32:25] PHP  10. PHPUnit_Util_Fileloader::load() /usr/local/zend/share/pear/PHPUnit/Util/Fileloader.php:79
[24-Nov-2011 11:34:49] PHP Fatal error:  Cannot redeclare class ArticleTest in /var/www/site1/tests/application/models/mappers/ArticleTest.php on line 21
[24-Nov-2011 11:34:49] PHP Stack trace:
[24-Nov-2011 11:34:49] PHP   1. {main}() /usr/local/zend/bin/phpunit:0
[24-Nov-2011 11:34:49] PHP   2. PHPUnit_TextUI_Command::main() /usr/local/zend/bin/phpunit:44
[24-Nov-2011 11:34:49] PHP   3. PHPUnit_TextUI_Command->run() /usr/local/zend/share/pear/PHPUnit/TextUI/Command.php:125
[24-Nov-2011 11:34:49] PHP   4. PHPUnit_TextUI_Command->handleArguments() /usr/local/zend/share/pear/PHPUnit/TextUI/Command.php:134
[24-Nov-2011 11:34:49] PHP   5. PHPUnit_Util_Configuration->getTestSuiteConfiguration() /usr/local/zend/share/pear/PHPUnit/TextUI/Command.php:670
[24-Nov-2011 11:34:49] PHP   6. PHPUnit_Util_Configuration->getTestSuite() /usr/local/zend/share/pear/PHPUnit/Util/Configuration.php:768
[24-Nov-2011 11:34:49] PHP   7. PHPUnit_Framework_TestSuite->addTestFiles() /usr/local/zend/share/pear/PHPUnit/Util/Configuration.php:848
[24-Nov-2011 11:34:49] PHP   8. PHPUnit_Framework_TestSuite->addTestFile() /usr/local/zend/share/pear/PHPUnit/Framework/TestSuite.php:419
[24-Nov-2011 11:34:49] PHP   9. PHPUnit_Util_Fileloader::checkAndLoad() /usr/local/zend/share/pear/PHPUnit/Framework/TestSuite.php:358
[24-Nov-2011 11:34:49] PHP  10. PHPUnit_Util_Fileloader::load() /usr/local/zend/share/pear/PHPUnit/Util/Fileloader.php:79
[24-Nov-2011 11:35:05] PHP Fatal error:  Class 'Application_Model_Mapper' not found in /var/www/site1/tests/application/models/mappers/ArticleTest.php on line 7
[24-Nov-2011 11:35:05] PHP Stack trace:
[24-Nov-2011 11:35:05] PHP   1. {main}() /usr/local/zend/bin/phpunit:0
[24-Nov-2011 11:35:05] PHP   2. PHPUnit_TextUI_Command::main() /usr/local/zend/bin/phpunit:44
[24-Nov-2011 11:35:05] PHP   3. PHPUnit_TextUI_Command->run() /usr/local/zend/share/pear/PHPUnit/TextUI/Command.php:125
[24-Nov-2011 11:35:05] PHP   4. PHPUnit_TextUI_TestRunner->doRun() /usr/local/zend/share/pear/PHPUnit/TextUI/Command.php:187
[24-Nov-2011 11:35:05] PHP   5. PHPUnit_Framework_TestSuite->run() /usr/local/zend/share/pear/PHPUnit/TextUI/TestRunner.php:325
[24-Nov-2011 11:35:05] PHP   6. PHPUnit_Framework_TestSuite->run() /usr/local/zend/share/pear/PHPUnit/Framework/TestSuite.php:705
[24-Nov-2011 11:35:05] PHP   7. PHPUnit_Framework_TestSuite->runTest() /usr/local/zend/share/pear/PHPUnit/Framework/TestSuite.php:745
[24-Nov-2011 11:35:05] PHP   8. PHPUnit_Framework_TestCase->run() /usr/local/zend/share/pear/PHPUnit/Framework/TestSuite.php:772
[24-Nov-2011 11:35:05] PHP   9. PHPUnit_Framework_TestResult->run() /usr/local/zend/share/pear/PHPUnit/Framework/TestCase.php:727
[24-Nov-2011 11:35:05] PHP  10. PHPUnit_Framework_TestCase->runBare() /usr/local/zend/share/pear/PHPUnit/Framework/TestResult.php:649
[24-Nov-2011 11:35:05] PHP  11. PHPUnit_Framework_TestCase->runTest() /usr/local/zend/share/pear/PHPUnit/Framework/TestCase.php:780
[24-Nov-2011 11:35:05] PHP  12. ReflectionMethod->invokeArgs() /usr/local/zend/share/pear/PHPUnit/Framework/TestCase.php:918
[24-Nov-2011 11:35:05] PHP  13. ArticleMapperTest->testFindMethodDhouldReturnArticleObject() /usr/local/zend/share/pear/PHPUnit/Framework/TestCase.php:918
[24-Nov-2011 11:39:19] PHP Parse error:  syntax error, unexpected T_VARIABLE in /var/www/site1/tests/application/models/mappers/ArticleTest.php on line 30
[24-Nov-2011 11:39:19] PHP Stack trace:
[24-Nov-2011 11:39:19] PHP   1. {main}() /usr/local/zend/bin/phpunit:0
[24-Nov-2011 11:39:19] PHP   2. PHPUnit_TextUI_Command::main() /usr/local/zend/bin/phpunit:44
[24-Nov-2011 11:39:19] PHP   3. PHPUnit_TextUI_Command->run() /usr/local/zend/share/pear/PHPUnit/TextUI/Command.php:125
[24-Nov-2011 11:39:19] PHP   4. PHPUnit_TextUI_Command->handleArguments() /usr/local/zend/share/pear/PHPUnit/TextUI/Command.php:134
[24-Nov-2011 11:39:19] PHP   5. PHPUnit_Util_Configuration->getTestSuiteConfiguration() /usr/local/zend/share/pear/PHPUnit/TextUI/Command.php:670
[24-Nov-2011 11:39:19] PHP   6. PHPUnit_Util_Configuration->getTestSuite() /usr/local/zend/share/pear/PHPUnit/Util/Configuration.php:768
[24-Nov-2011 11:39:19] PHP   7. PHPUnit_Framework_TestSuite->addTestFiles() /usr/local/zend/share/pear/PHPUnit/Util/Configuration.php:848
[24-Nov-2011 11:39:19] PHP   8. PHPUnit_Framework_TestSuite->addTestFile() /usr/local/zend/share/pear/PHPUnit/Framework/TestSuite.php:419
[24-Nov-2011 11:39:19] PHP   9. PHPUnit_Util_Fileloader::checkAndLoad() /usr/local/zend/share/pear/PHPUnit/Framework/TestSuite.php:358
[24-Nov-2011 11:39:19] PHP  10. PHPUnit_Util_Fileloader::load() /usr/local/zend/share/pear/PHPUnit/Util/Fileloader.php:79
[24-Nov-2011 16:23:23] PHP Fatal error:  Access level to Application_Model_Mapper_Category::$_dbTable must be protected (as in class Application_Model_Mapper_Abstract) or weaker in /var/www/site1/application/models/mappers/Category.php on line 36
[24-Nov-2011 16:23:23] PHP Stack trace:
[24-Nov-2011 16:23:23] PHP   1. {main}() /usr/local/zend/bin/phpunit:0
[24-Nov-2011 16:23:23] PHP   2. PHPUnit_TextUI_Command::main() /usr/local/zend/bin/phpunit:44
[24-Nov-2011 16:23:23] PHP   3. PHPUnit_TextUI_Command->run() /usr/local/zend/share/pear/PHPUnit/TextUI/Command.php:125
[24-Nov-2011 16:23:23] PHP   4. PHPUnit_TextUI_Command->handleArguments() /usr/local/zend/share/pear/PHPUnit/TextUI/Command.php:134
[24-Nov-2011 16:23:23] PHP   5. PHPUnit_TextUI_Command->handleBootstrap() /usr/local/zend/share/pear/PHPUnit/TextUI/Command.php:658
[24-Nov-2011 16:23:23] PHP   6. PHPUnit_Util_Fileloader::checkAndLoad() /usr/local/zend/share/pear/PHPUnit/TextUI/Command.php:837
[24-Nov-2011 16:23:23] PHP   7. PHPUnit_Util_Fileloader::load() /usr/local/zend/share/pear/PHPUnit/Util/Fileloader.php:79
[24-Nov-2011 16:23:23] PHP   8. include_once() /usr/local/zend/share/pear/PHPUnit/Util/Fileloader.php:95
[24-Nov-2011 16:23:23] PHP   9. Zend_Application->run() /var/www/site1/tests/index.php:39
[24-Nov-2011 16:23:23] PHP  10. Zend_Application_Bootstrap_Bootstrap->run() /usr/local/zend/share/ZendFramework-1.11.10-minimal/library/Zend/Application.php:366
[24-Nov-2011 16:23:23] PHP  11. Zend_Controller_Front->dispatch() /usr/local/zend/share/ZendFramework-1.11.10-minimal/library/Zend/Application/Bootstrap/Bootstrap.php:97
[24-Nov-2011 16:23:23] PHP  12. Zend_Controller_Plugin_Broker->routeShutdown() /usr/local/zend/share/ZendFramework-1.11.10-minimal/library/Zend/Controller/Front.php:923
[24-Nov-2011 16:23:23] PHP  13. Application_Plugin_Navigation->routeShutdown() /usr/local/zend/share/ZendFramework-1.11.10-minimal/library/Zend/Controller/Plugin/Broker.php:260
[24-Nov-2011 16:23:23] PHP  14. Zend_Loader_Autoloader::autoload() /usr/local/zend/share/ZendFramework-1.11.10-minimal/library/Zend/Controller/Plugin/Broker.php:0
[24-Nov-2011 16:23:23] PHP  15. Zend_Loader_Autoloader_Resource->autoload() /usr/local/zend/share/ZendFramework-1.11.10-minimal/library/Zend/Loader/Autoloader.php:120
[24-Nov-2011 16:23:23] PHP  16. include() /usr/local/zend/share/ZendFramework-1.11.10-minimal/library/Zend/Loader/Autoloader/Resource.php:201
[24-Nov-2011 16:24:35] PHP Fatal error:  Access level to Application_Model_Mapper_Comment::$_dbTable must be protected (as in class Application_Model_Mapper_Abstract) or weaker in /var/www/site1/application/models/mappers/Comment.php on line 125
[24-Nov-2011 16:24:35] PHP Stack trace:
[24-Nov-2011 16:24:35] PHP   1. {main}() /usr/local/zend/bin/phpunit:0
[24-Nov-2011 16:24:35] PHP   2. PHPUnit_TextUI_Command::main() /usr/local/zend/bin/phpunit:44
[24-Nov-2011 16:24:35] PHP   3. PHPUnit_TextUI_Command->run() /usr/local/zend/share/pear/PHPUnit/TextUI/Command.php:125
[24-Nov-2011 16:24:35] PHP   4. PHPUnit_TextUI_TestRunner->doRun() /usr/local/zend/share/pear/PHPUnit/TextUI/Command.php:187
[24-Nov-2011 16:24:35] PHP   5. PHPUnit_Framework_TestSuite->run() /usr/local/zend/share/pear/PHPUnit/TextUI/TestRunner.php:325
[24-Nov-2011 16:24:35] PHP   6. PHPUnit_Framework_TestSuite->run() /usr/local/zend/share/pear/PHPUnit/Framework/TestSuite.php:705
[24-Nov-2011 16:24:35] PHP   7. PHPUnit_Framework_TestSuite->runTest() /usr/local/zend/share/pear/PHPUnit/Framework/TestSuite.php:745
[24-Nov-2011 16:24:35] PHP   8. PHPUnit_Framework_TestCase->run() /usr/local/zend/share/pear/PHPUnit/Framework/TestSuite.php:772
[24-Nov-2011 16:24:35] PHP   9. PHPUnit_Framework_TestResult->run() /usr/local/zend/share/pear/PHPUnit/Framework/TestCase.php:727
[24-Nov-2011 16:24:35] PHP  10. PHPUnit_Framework_TestCase->runBare() /usr/local/zend/share/pear/PHPUnit/Framework/TestResult.php:649
[24-Nov-2011 16:24:35] PHP  11. PHPUnit_Framework_TestCase->runTest() /usr/local/zend/share/pear/PHPUnit/Framework/TestCase.php:780
[24-Nov-2011 16:24:35] PHP  12. ReflectionMethod->invokeArgs() /usr/local/zend/share/pear/PHPUnit/Framework/TestCase.php:918
[24-Nov-2011 16:24:35] PHP  13. ArticleTest->testArticleSettersAndGetterAreWorkingFine() /usr/local/zend/share/pear/PHPUnit/Framework/TestCase.php:918
[24-Nov-2011 16:24:35] PHP  14. Application_Model_Article->getComments() /var/www/site1/tests/application/models/ArticleTest.php:26
[24-Nov-2011 16:24:35] PHP  15. Zend_Loader_Autoloader::autoload() /var/www/site1/tests/application/models/ArticleTest.php:0
[24-Nov-2011 16:24:35] PHP  16. Zend_Loader_Autoloader_Resource->autoload() /usr/local/zend/share/ZendFramework-1.11.10-minimal/library/Zend/Loader/Autoloader.php:120
[24-Nov-2011 16:24:55] PHP Parse error:  syntax error, unexpected '<', expecting T_FUNCTION in /var/www/site1/application/models/mappers/Comment.php on line 36
[24-Nov-2011 16:24:55] PHP Stack trace:
[24-Nov-2011 16:24:55] PHP   1. {main}() /usr/local/zend/bin/phpunit:0
[24-Nov-2011 16:24:55] PHP   2. PHPUnit_TextUI_Command::main() /usr/local/zend/bin/phpunit:44
[24-Nov-2011 16:24:55] PHP   3. PHPUnit_TextUI_Command->run() /usr/local/zend/share/pear/PHPUnit/TextUI/Command.php:125
[24-Nov-2011 16:24:55] PHP   4. PHPUnit_TextUI_TestRunner->doRun() /usr/local/zend/share/pear/PHPUnit/TextUI/Command.php:187
[24-Nov-2011 16:24:55] PHP   5. PHPUnit_Framework_TestSuite->run() /usr/local/zend/share/pear/PHPUnit/TextUI/TestRunner.php:325
[24-Nov-2011 16:24:55] PHP   6. PHPUnit_Framework_TestSuite->run() /usr/local/zend/share/pear/PHPUnit/Framework/TestSuite.php:705
[24-Nov-2011 16:24:55] PHP   7. PHPUnit_Framework_TestSuite->runTest() /usr/local/zend/share/pear/PHPUnit/Framework/TestSuite.php:745
[24-Nov-2011 16:24:55] PHP   8. PHPUnit_Framework_TestCase->run() /usr/local/zend/share/pear/PHPUnit/Framework/TestSuite.php:772
[24-Nov-2011 16:24:55] PHP   9. PHPUnit_Framework_TestResult->run() /usr/local/zend/share/pear/PHPUnit/Framework/TestCase.php:727
[24-Nov-2011 16:24:55] PHP  10. PHPUnit_Framework_TestCase->runBare() /usr/local/zend/share/pear/PHPUnit/Framework/TestResult.php:649
[24-Nov-2011 16:24:55] PHP  11. PHPUnit_Framework_TestCase->runTest() /usr/local/zend/share/pear/PHPUnit/Framework/TestCase.php:780
[24-Nov-2011 16:24:55] PHP  12. ReflectionMethod->invokeArgs() /usr/local/zend/share/pear/PHPUnit/Framework/TestCase.php:918
[24-Nov-2011 16:24:55] PHP  13. ArticleTest->testArticleSettersAndGetterAreWorkingFine() /usr/local/zend/share/pear/PHPUnit/Framework/TestCase.php:918
[24-Nov-2011 16:24:55] PHP  14. Application_Model_Article->getComments() /var/www/site1/tests/application/models/ArticleTest.php:26
[24-Nov-2011 16:24:55] PHP  15. Zend_Loader_Autoloader::autoload() /var/www/site1/tests/application/models/ArticleTest.php:0
[24-Nov-2011 16:24:55] PHP  16. Zend_Loader_Autoloader_Resource->autoload() /usr/local/zend/share/ZendFramework-1.11.10-minimal/library/Zend/Loader/Autoloader.php:120
[24-Nov-2011 16:43:45] PHP Parse error:  syntax error, unexpected T_VARIABLE in /var/www/site1/tests/application/models/mappers/ArticleMapperTest.php on line 18
[24-Nov-2011 16:43:45] PHP Stack trace:
[24-Nov-2011 16:43:45] PHP   1. {main}() /usr/local/zend/bin/phpunit:0
[24-Nov-2011 16:43:45] PHP   2. PHPUnit_TextUI_Command::main() /usr/local/zend/bin/phpunit:44
[24-Nov-2011 16:43:45] PHP   3. PHPUnit_TextUI_Command->run() /usr/local/zend/share/pear/PHPUnit/TextUI/Command.php:125
[24-Nov-2011 16:43:45] PHP   4. PHPUnit_TextUI_Command->handleArguments() /usr/local/zend/share/pear/PHPUnit/TextUI/Command.php:134
[24-Nov-2011 16:43:45] PHP   5. PHPUnit_Util_Configuration->getTestSuiteConfiguration() /usr/local/zend/share/pear/PHPUnit/TextUI/Command.php:670
[24-Nov-2011 16:43:45] PHP   6. PHPUnit_Util_Configuration->getTestSuite() /usr/local/zend/share/pear/PHPUnit/Util/Configuration.php:768
[24-Nov-2011 16:43:45] PHP   7. PHPUnit_Framework_TestSuite->addTestFiles() /usr/local/zend/share/pear/PHPUnit/Util/Configuration.php:848
[24-Nov-2011 16:43:45] PHP   8. PHPUnit_Framework_TestSuite->addTestFile() /usr/local/zend/share/pear/PHPUnit/Framework/TestSuite.php:419
[24-Nov-2011 16:43:45] PHP   9. PHPUnit_Util_Fileloader::checkAndLoad() /usr/local/zend/share/pear/PHPUnit/Framework/TestSuite.php:358
[24-Nov-2011 16:43:45] PHP  10. PHPUnit_Util_Fileloader::load() /usr/local/zend/share/pear/PHPUnit/Util/Fileloader.php:79
[24-Nov-2011 17:08:39] PHP Fatal error:  Call to undefined method Zend_Db_Adapter_Pdo_Mysql::setAdapter() in /var/www/site1/tests/application/services/BlogTest.php on line 118
[24-Nov-2011 17:08:39] PHP Stack trace:
[24-Nov-2011 17:08:39] PHP   1. {main}() /usr/local/zend/bin/phpunit:0
[24-Nov-2011 17:08:39] PHP   2. PHPUnit_TextUI_Command::main() /usr/local/zend/bin/phpunit:44
[24-Nov-2011 17:08:39] PHP   3. PHPUnit_TextUI_Command->run() /usr/local/zend/share/pear/PHPUnit/TextUI/Command.php:125
[24-Nov-2011 17:08:39] PHP   4. PHPUnit_TextUI_TestRunner->doRun() /usr/local/zend/share/pear/PHPUnit/TextUI/Command.php:187
[24-Nov-2011 17:08:39] PHP   5. PHPUnit_Framework_TestSuite->run() /usr/local/zend/share/pear/PHPUnit/TextUI/TestRunner.php:325
[24-Nov-2011 17:08:39] PHP   6. PHPUnit_Framework_TestSuite->run() /usr/local/zend/share/pear/PHPUnit/Framework/TestSuite.php:705
[24-Nov-2011 17:08:39] PHP   7. PHPUnit_Framework_TestSuite->runTest() /usr/local/zend/share/pear/PHPUnit/Framework/TestSuite.php:745
[24-Nov-2011 17:08:39] PHP   8. PHPUnit_Framework_TestCase->run() /usr/local/zend/share/pear/PHPUnit/Framework/TestSuite.php:772
[24-Nov-2011 17:08:39] PHP   9. PHPUnit_Framework_TestResult->run() /usr/local/zend/share/pear/PHPUnit/Framework/TestCase.php:727
[24-Nov-2011 17:08:39] PHP  10. PHPUnit_Framework_TestCase->runBare() /usr/local/zend/share/pear/PHPUnit/Framework/TestResult.php:649
[24-Nov-2011 17:08:39] PHP  11. PHPUnit_Framework_TestCase->runTest() /usr/local/zend/share/pear/PHPUnit/Framework/TestCase.php:780
[24-Nov-2011 17:08:39] PHP  12. ReflectionMethod->invokeArgs() /usr/local/zend/share/pear/PHPUnit/Framework/TestCase.php:918
[24-Nov-2011 17:08:39] PHP  13. BlogTest->testSavearticleShouldReturnArticleObjectWithObjectGiven() /usr/local/zend/share/pear/PHPUnit/Framework/TestCase.php:918
[24-Nov-2011 17:14:03] PHP Fatal error:  Class Mock_Zend_Db_Adapter_Abstract_f5e249d3 contains 4 abstract methods and must therefore be declared abstract or implement the remaining methods (Zend_Db_Adapter_Abstract::_connect, Zend_Db_Adapter_Abstract::_beginTransaction, Zend_Db_Adapter_Abstract::_commit, ...) in /usr/local/zend/share/pear/PHPUnit/Framework/MockObject/Generator.php(216) : eval()'d code on line 987
[24-Nov-2011 17:14:03] PHP Stack trace:
[24-Nov-2011 17:14:03] PHP   1. {main}() /usr/local/zend/bin/phpunit:0
[24-Nov-2011 17:14:03] PHP   2. PHPUnit_TextUI_Command::main() /usr/local/zend/bin/phpunit:44
[24-Nov-2011 17:14:03] PHP   3. PHPUnit_TextUI_Command->run() /usr/local/zend/share/pear/PHPUnit/TextUI/Command.php:125
[24-Nov-2011 17:14:03] PHP   4. PHPUnit_TextUI_TestRunner->doRun() /usr/local/zend/share/pear/PHPUnit/TextUI/Command.php:187
[24-Nov-2011 17:14:03] PHP   5. PHPUnit_Framework_TestSuite->run() /usr/local/zend/share/pear/PHPUnit/TextUI/TestRunner.php:325
[24-Nov-2011 17:14:03] PHP   6. PHPUnit_Framework_TestSuite->run() /usr/local/zend/share/pear/PHPUnit/Framework/TestSuite.php:705
[24-Nov-2011 17:14:03] PHP   7. PHPUnit_Framework_TestSuite->runTest() /usr/local/zend/share/pear/PHPUnit/Framework/TestSuite.php:745
[24-Nov-2011 17:14:03] PHP   8. PHPUnit_Framework_TestCase->run() /usr/local/zend/share/pear/PHPUnit/Framework/TestSuite.php:772
[24-Nov-2011 17:14:03] PHP   9. PHPUnit_Framework_TestResult->run() /usr/local/zend/share/pear/PHPUnit/Framework/TestCase.php:727
[24-Nov-2011 17:14:03] PHP  10. PHPUnit_Framework_TestCase->runBare() /usr/local/zend/share/pear/PHPUnit/Framework/TestResult.php:649
[24-Nov-2011 17:14:03] PHP  11. PHPUnit_Framework_TestCase->runTest() /usr/local/zend/share/pear/PHPUnit/Framework/TestCase.php:780
[24-Nov-2011 17:14:03] PHP  12. ReflectionMethod->invokeArgs() /usr/local/zend/share/pear/PHPUnit/Framework/TestCase.php:918
[24-Nov-2011 17:14:03] PHP  13. BlogTest->testSavearticleShouldReturnArticleObjectWithObjectGiven() /usr/local/zend/share/pear/PHPUnit/Framework/TestCase.php:918
[24-Nov-2011 17:14:03] PHP  14. PHPUnit_Framework_TestCase->getMock() /var/www/site1/tests/application/services/BlogTest.php:112
[24-Nov-2011 17:14:03] PHP  15. PHPUnit_Framework_MockObject_Generator::getMock() /usr/local/zend/share/pear/PHPUnit/Framework/TestCase.php:1240
[24-Nov-2011 17:14:03] PHP  16. PHPUnit_Framework_MockObject_Generator::getObject() /usr/local/zend/share/pear/PHPUnit/Framework/MockObject/Generator.php:201
[24-Nov-2011 17:14:03] PHP  17. eval() /usr/local/zend/share/pear/PHPUnit/Framework/MockObject/Generator.php:216
[24-Nov-2011 17:15:04] PHP Fatal error:  Class Mock_Zend_Db_Adapter_Abstract_7da92c25 contains 4 abstract methods and must therefore be declared abstract or implement the remaining methods (Zend_Db_Adapter_Abstract::_connect, Zend_Db_Adapter_Abstract::_beginTransaction, Zend_Db_Adapter_Abstract::_commit, ...) in /usr/local/zend/share/pear/PHPUnit/Framework/MockObject/Generator.php(216) : eval()'d code on line 987
[24-Nov-2011 17:15:04] PHP Stack trace:
[24-Nov-2011 17:15:04] PHP   1. {main}() /usr/local/zend/bin/phpunit:0
[24-Nov-2011 17:15:04] PHP   2. PHPUnit_TextUI_Command::main() /usr/local/zend/bin/phpunit:44
[24-Nov-2011 17:15:04] PHP   3. PHPUnit_TextUI_Command->run() /usr/local/zend/share/pear/PHPUnit/TextUI/Command.php:125
[24-Nov-2011 17:15:04] PHP   4. PHPUnit_TextUI_TestRunner->doRun() /usr/local/zend/share/pear/PHPUnit/TextUI/Command.php:187
[24-Nov-2011 17:15:04] PHP   5. PHPUnit_Framework_TestSuite->run() /usr/local/zend/share/pear/PHPUnit/TextUI/TestRunner.php:325
[24-Nov-2011 17:15:04] PHP   6. PHPUnit_Framework_TestSuite->run() /usr/local/zend/share/pear/PHPUnit/Framework/TestSuite.php:705
[24-Nov-2011 17:15:04] PHP   7. PHPUnit_Framework_TestSuite->runTest() /usr/local/zend/share/pear/PHPUnit/Framework/TestSuite.php:745
[24-Nov-2011 17:15:04] PHP   8. PHPUnit_Framework_TestCase->run() /usr/local/zend/share/pear/PHPUnit/Framework/TestSuite.php:772
[24-Nov-2011 17:15:04] PHP   9. PHPUnit_Framework_TestResult->run() /usr/local/zend/share/pear/PHPUnit/Framework/TestCase.php:727
[24-Nov-2011 17:15:04] PHP  10. PHPUnit_Framework_TestCase->runBare() /usr/local/zend/share/pear/PHPUnit/Framework/TestResult.php:649
[24-Nov-2011 17:15:04] PHP  11. PHPUnit_Framework_TestCase->runTest() /usr/local/zend/share/pear/PHPUnit/Framework/TestCase.php:780
[24-Nov-2011 17:15:04] PHP  12. ReflectionMethod->invokeArgs() /usr/local/zend/share/pear/PHPUnit/Framework/TestCase.php:918
[24-Nov-2011 17:15:04] PHP  13. BlogTest->testSavearticleShouldReturnArticleObjectWithObjectGiven() /usr/local/zend/share/pear/PHPUnit/Framework/TestCase.php:918
[24-Nov-2011 17:15:04] PHP  14. PHPUnit_Framework_TestCase->getMock() /var/www/site1/tests/application/services/BlogTest.php:112
[24-Nov-2011 17:15:04] PHP  15. PHPUnit_Framework_MockObject_Generator::getMock() /usr/local/zend/share/pear/PHPUnit/Framework/TestCase.php:1240
[24-Nov-2011 17:15:04] PHP  16. PHPUnit_Framework_MockObject_Generator::getObject() /usr/local/zend/share/pear/PHPUnit/Framework/MockObject/Generator.php:201
[24-Nov-2011 17:15:04] PHP  17. eval() /usr/local/zend/share/pear/PHPUnit/Framework/MockObject/Generator.php:216
[24-Nov-2011 17:15:42] PHP Fatal error:  Class Mock_Zend_Db_Adapter_Abstract_3d698322 contains 4 abstract methods and must therefore be declared abstract or implement the remaining methods (Zend_Db_Adapter_Abstract::_connect, Zend_Db_Adapter_Abstract::_beginTransaction, Zend_Db_Adapter_Abstract::_commit, ...) in /usr/local/zend/share/pear/PHPUnit/Framework/MockObject/Generator.php(216) : eval()'d code on line 987
[24-Nov-2011 17:15:42] PHP Stack trace:
[24-Nov-2011 17:15:42] PHP   1. {main}() /usr/local/zend/bin/phpunit:0
[24-Nov-2011 17:15:42] PHP   2. PHPUnit_TextUI_Command::main() /usr/local/zend/bin/phpunit:44
[24-Nov-2011 17:15:42] PHP   3. PHPUnit_TextUI_Command->run() /usr/local/zend/share/pear/PHPUnit/TextUI/Command.php:125
[24-Nov-2011 17:15:42] PHP   4. PHPUnit_TextUI_TestRunner->doRun() /usr/local/zend/share/pear/PHPUnit/TextUI/Command.php:187
[24-Nov-2011 17:15:42] PHP   5. PHPUnit_Framework_TestSuite->run() /usr/local/zend/share/pear/PHPUnit/TextUI/TestRunner.php:325
[24-Nov-2011 17:15:42] PHP   6. PHPUnit_Framework_TestSuite->run() /usr/local/zend/share/pear/PHPUnit/Framework/TestSuite.php:705
[24-Nov-2011 17:15:42] PHP   7. PHPUnit_Framework_TestSuite->runTest() /usr/local/zend/share/pear/PHPUnit/Framework/TestSuite.php:745
[24-Nov-2011 17:15:42] PHP   8. PHPUnit_Framework_TestCase->run() /usr/local/zend/share/pear/PHPUnit/Framework/TestSuite.php:772
[24-Nov-2011 17:15:42] PHP   9. PHPUnit_Framework_TestResult->run() /usr/local/zend/share/pear/PHPUnit/Framework/TestCase.php:727
[24-Nov-2011 17:15:42] PHP  10. PHPUnit_Framework_TestCase->runBare() /usr/local/zend/share/pear/PHPUnit/Framework/TestResult.php:649
[24-Nov-2011 17:15:42] PHP  11. PHPUnit_Framework_TestCase->runTest() /usr/local/zend/share/pear/PHPUnit/Framework/TestCase.php:780
[24-Nov-2011 17:15:42] PHP  12. ReflectionMethod->invokeArgs() /usr/local/zend/share/pear/PHPUnit/Framework/TestCase.php:918
[24-Nov-2011 17:15:42] PHP  13. BlogTest->testSavearticleShouldReturnArticleObjectWithObjectGiven() /usr/local/zend/share/pear/PHPUnit/Framework/TestCase.php:918
[24-Nov-2011 17:15:42] PHP  14. PHPUnit_Framework_TestCase->getMock() /var/www/site1/tests/application/services/BlogTest.php:112
[24-Nov-2011 17:15:42] PHP  15. PHPUnit_Framework_MockObject_Generator::getMock() /usr/local/zend/share/pear/PHPUnit/Framework/TestCase.php:1240
[24-Nov-2011 17:15:42] PHP  16. PHPUnit_Framework_MockObject_Generator::getObject() /usr/local/zend/share/pear/PHPUnit/Framework/MockObject/Generator.php:201
[24-Nov-2011 17:15:42] PHP  17. eval() /usr/local/zend/share/pear/PHPUnit/Framework/MockObject/Generator.php:216
[25-Nov-2011 09:32:40] PHP Parse error:  syntax error, unexpected T_PAAMAYIM_NEKUDOTAYIM, expecting '(' in /var/www/site1/application/models/Article.php on line 88
[25-Nov-2011 09:32:40] PHP Stack trace:
[25-Nov-2011 09:32:40] PHP   1. {main}() /usr/local/zend/bin/phpunit:0
[25-Nov-2011 09:32:40] PHP   2. PHPUnit_TextUI_Command::main() /usr/local/zend/bin/phpunit:44
[25-Nov-2011 09:32:40] PHP   3. PHPUnit_TextUI_Command->run() /usr/local/zend/share/pear/PHPUnit/TextUI/Command.php:125
[25-Nov-2011 09:32:40] PHP   4. PHPUnit_TextUI_Command->handleArguments() /usr/local/zend/share/pear/PHPUnit/TextUI/Command.php:134
[25-Nov-2011 09:32:40] PHP   5. PHPUnit_TextUI_Command->handleBootstrap() /usr/local/zend/share/pear/PHPUnit/TextUI/Command.php:658
[25-Nov-2011 09:32:40] PHP   6. PHPUnit_Util_Fileloader::checkAndLoad() /usr/local/zend/share/pear/PHPUnit/TextUI/Command.php:837
[25-Nov-2011 09:32:40] PHP   7. PHPUnit_Util_Fileloader::load() /usr/local/zend/share/pear/PHPUnit/Util/Fileloader.php:79
[25-Nov-2011 09:32:40] PHP   8. include_once() /usr/local/zend/share/pear/PHPUnit/Util/Fileloader.php:95
[25-Nov-2011 09:32:40] PHP   9. Zend_Application->run() /var/www/site1/tests/index.php:39
[25-Nov-2011 09:32:40] PHP  10. Zend_Application_Bootstrap_Bootstrap->run() /usr/local/zend/share/ZendFramework-1.11.10-minimal/library/Zend/Application.php:366
[25-Nov-2011 09:32:40] PHP  11. Zend_Controller_Front->dispatch() /usr/local/zend/share/ZendFramework-1.11.10-minimal/library/Zend/Application/Bootstrap/Bootstrap.php:97
[25-Nov-2011 09:32:40] PHP  12. Zend_Controller_Plugin_Broker->routeShutdown() /usr/local/zend/share/ZendFramework-1.11.10-minimal/library/Zend/Controller/Front.php:923
[25-Nov-2011 09:32:40] PHP  13. Application_Plugin_Navigation->routeShutdown() /usr/local/zend/share/ZendFramework-1.11.10-minimal/library/Zend/Controller/Plugin/Broker.php:260
[25-Nov-2011 09:32:40] PHP  14. Application_Model_Category->getArticles() /var/www/site1/application/plugins/Navigation.php:63
[25-Nov-2011 09:32:40] PHP  15. Application_Model_Mapper_Article->selectByCategoryId() /var/www/site1/application/models/Category.php:88
[25-Nov-2011 09:32:40] PHP  16. Application_Model_Mapper_Article->_rowToObject() /var/www/site1/application/models/mappers/Article.php:102
[25-Nov-2011 09:32:40] PHP  17. Zend_Loader_Autoloader::autoload() /var/www/site1/application/models/mappers/Article.php:0
[25-Nov-2011 09:32:40] PHP  18. Zend_Loader_Autoloader_Resource->autoload() /usr/local/zend/share/ZendFramework-1.11.10-minimal/library/Zend/Loader/Autoloader.php:120
[25-Nov-2011 09:33:51] PHP Fatal error:  Call to a member function getResource() on a non-object in /var/www/site1/application/models/DbTable/Category.php on line 41
[25-Nov-2011 09:33:51] PHP Stack trace:
[25-Nov-2011 09:33:51] PHP   1. {main}() /usr/local/zend/bin/phpunit:0
[25-Nov-2011 09:33:51] PHP   2. PHPUnit_TextUI_Command::main() /usr/local/zend/bin/phpunit:44
[25-Nov-2011 09:33:51] PHP   3. PHPUnit_TextUI_Command->run() /usr/local/zend/share/pear/PHPUnit/TextUI/Command.php:125
[25-Nov-2011 09:33:51] PHP   4. PHPUnit_TextUI_TestRunner->doRun() /usr/local/zend/share/pear/PHPUnit/TextUI/Command.php:187
[25-Nov-2011 09:33:51] PHP   5. PHPUnit_Framework_TestSuite->run() /usr/local/zend/share/pear/PHPUnit/TextUI/TestRunner.php:325
[25-Nov-2011 09:33:51] PHP   6. PHPUnit_Framework_TestSuite->run() /usr/local/zend/share/pear/PHPUnit/Framework/TestSuite.php:705
[25-Nov-2011 09:33:51] PHP   7. PHPUnit_Framework_TestSuite->runTest() /usr/local/zend/share/pear/PHPUnit/Framework/TestSuite.php:745
[25-Nov-2011 09:33:51] PHP   8. PHPUnit_Framework_TestCase->run() /usr/local/zend/share/pear/PHPUnit/Framework/TestSuite.php:772
[25-Nov-2011 09:33:51] PHP   9. PHPUnit_Framework_TestResult->run() /usr/local/zend/share/pear/PHPUnit/Framework/TestCase.php:727
[25-Nov-2011 09:33:51] PHP  10. PHPUnit_Framework_TestCase->runBare() /usr/local/zend/share/pear/PHPUnit/Framework/TestResult.php:649
[25-Nov-2011 09:33:51] PHP  11. PHPUnit_Framework_TestCase->runTest() /usr/local/zend/share/pear/PHPUnit/Framework/TestCase.php:780
[25-Nov-2011 09:33:51] PHP  12. ReflectionMethod->invokeArgs() /usr/local/zend/share/pear/PHPUnit/Framework/TestCase.php:918
[25-Nov-2011 09:33:51] PHP  13. ArticleTest->testArticleSettersAndGetterAreWorkingFine() /usr/local/zend/share/pear/PHPUnit/Framework/TestCase.php:918
[25-Nov-2011 09:33:51] PHP  14. Application_Model_Article->getCategory() /var/www/site1/tests/application/models/ArticleTest.php:25
[25-Nov-2011 09:33:51] PHP  15. Application_Model_Mapper_Category->__construct() /var/www/site1/application/models/Article.php:100
[25-Nov-2011 09:33:51] PHP  16. Application_Model_DbTable_Category->__construct() /var/www/site1/application/models/mappers/Category.php:39
[25-Nov-2011 09:47:40] PHP Fatal error:  Call to a member function disableLayout() on a non-object in /var/www/site1/tests/application/services/BlogTest.php on line 7
[25-Nov-2011 09:47:40] PHP Stack trace:
[25-Nov-2011 09:47:40] PHP   1. {main}() /usr/local/zend/bin/phpunit:0
[25-Nov-2011 09:47:40] PHP   2. PHPUnit_TextUI_Command::main() /usr/local/zend/bin/phpunit:44
[25-Nov-2011 09:47:40] PHP   3. PHPUnit_TextUI_Command->run() /usr/local/zend/share/pear/PHPUnit/TextUI/Command.php:125
[25-Nov-2011 09:47:40] PHP   4. PHPUnit_TextUI_TestRunner->doRun() /usr/local/zend/share/pear/PHPUnit/TextUI/Command.php:187
[25-Nov-2011 09:47:40] PHP   5. PHPUnit_Framework_TestSuite->run() /usr/local/zend/share/pear/PHPUnit/TextUI/TestRunner.php:325
[25-Nov-2011 09:47:40] PHP   6. PHPUnit_Framework_TestSuite->run() /usr/local/zend/share/pear/PHPUnit/Framework/TestSuite.php:705
[25-Nov-2011 09:47:40] PHP   7. PHPUnit_Framework_TestSuite->runTest() /usr/local/zend/share/pear/PHPUnit/Framework/TestSuite.php:745
[25-Nov-2011 09:47:40] PHP   8. PHPUnit_Framework_TestCase->run() /usr/local/zend/share/pear/PHPUnit/Framework/TestSuite.php:772
[25-Nov-2011 09:47:40] PHP   9. PHPUnit_Framework_TestResult->run() /usr/local/zend/share/pear/PHPUnit/Framework/TestCase.php:727
[25-Nov-2011 09:47:40] PHP  10. PHPUnit_Framework_TestCase->runBare() /usr/local/zend/share/pear/PHPUnit/Framework/TestResult.php:649
[25-Nov-2011 09:47:40] PHP  11. BlogTest->setUp() /usr/local/zend/share/pear/PHPUnit/Framework/TestCase.php:777
[25-Nov-2011 09:48:44] PHP Fatal error:  Call to a member function disableLayout() on a non-object in /var/www/site1/tests/application/models/ArticleTest.php on line 7
[25-Nov-2011 09:48:44] PHP Stack trace:
[25-Nov-2011 09:48:44] PHP   1. {main}() /usr/local/zend/bin/phpunit:0
[25-Nov-2011 09:48:44] PHP   2. PHPUnit_TextUI_Command::main() /usr/local/zend/bin/phpunit:44
[25-Nov-2011 09:48:44] PHP   3. PHPUnit_TextUI_Command->run() /usr/local/zend/share/pear/PHPUnit/TextUI/Command.php:125
[25-Nov-2011 09:48:44] PHP   4. PHPUnit_TextUI_TestRunner->doRun() /usr/local/zend/share/pear/PHPUnit/TextUI/Command.php:187
[25-Nov-2011 09:48:44] PHP   5. PHPUnit_Framework_TestSuite->run() /usr/local/zend/share/pear/PHPUnit/TextUI/TestRunner.php:325
[25-Nov-2011 09:48:44] PHP   6. PHPUnit_Framework_TestSuite->run() /usr/local/zend/share/pear/PHPUnit/Framework/TestSuite.php:705
[25-Nov-2011 09:48:44] PHP   7. PHPUnit_Framework_TestSuite->runTest() /usr/local/zend/share/pear/PHPUnit/Framework/TestSuite.php:745
[25-Nov-2011 09:48:44] PHP   8. PHPUnit_Framework_TestCase->run() /usr/local/zend/share/pear/PHPUnit/Framework/TestSuite.php:772
[25-Nov-2011 09:48:44] PHP   9. PHPUnit_Framework_TestResult->run() /usr/local/zend/share/pear/PHPUnit/Framework/TestCase.php:727
[25-Nov-2011 09:48:44] PHP  10. PHPUnit_Framework_TestCase->runBare() /usr/local/zend/share/pear/PHPUnit/Framework/TestResult.php:649
[25-Nov-2011 09:48:44] PHP  11. ArticleTest->setUp() /usr/local/zend/share/pear/PHPUnit/Framework/TestCase.php:777
[25-Nov-2011 10:20:45] PHP Fatal error:  Call to undefined method ErrorControllerTest::_getParam() in /var/www/site1/tests/application/controllers/ErrorControllerTest.php on line 24
[25-Nov-2011 10:20:45] PHP Stack trace:
[25-Nov-2011 10:20:45] PHP   1. {main}() /usr/local/zend/bin/phpunit:0
[25-Nov-2011 10:20:45] PHP   2. PHPUnit_TextUI_Command::main() /usr/local/zend/bin/phpunit:44
[25-Nov-2011 10:20:45] PHP   3. PHPUnit_TextUI_Command->run() /usr/local/zend/share/pear/PHPUnit/TextUI/Command.php:125
[25-Nov-2011 10:20:45] PHP   4. PHPUnit_TextUI_TestRunner->doRun() /usr/local/zend/share/pear/PHPUnit/TextUI/Command.php:187
[25-Nov-2011 10:20:45] PHP   5. PHPUnit_Framework_TestSuite->run() /usr/local/zend/share/pear/PHPUnit/TextUI/TestRunner.php:325
[25-Nov-2011 10:20:45] PHP   6. PHPUnit_Framework_TestSuite->run() /usr/local/zend/share/pear/PHPUnit/Framework/TestSuite.php:705
[25-Nov-2011 10:20:45] PHP   7. PHPUnit_Framework_TestSuite->runTest() /usr/local/zend/share/pear/PHPUnit/Framework/TestSuite.php:745
[25-Nov-2011 10:20:45] PHP   8. PHPUnit_Framework_TestCase->run() /usr/local/zend/share/pear/PHPUnit/Framework/TestSuite.php:772
[25-Nov-2011 10:20:45] PHP   9. PHPUnit_Framework_TestResult->run() /usr/local/zend/share/pear/PHPUnit/Framework/TestCase.php:727
[25-Nov-2011 10:20:45] PHP  10. PHPUnit_Framework_TestCase->runBare() /usr/local/zend/share/pear/PHPUnit/Framework/TestResult.php:649
[25-Nov-2011 10:20:45] PHP  11. PHPUnit_Framework_TestCase->runTest() /usr/local/zend/share/pear/PHPUnit/Framework/TestCase.php:780
[25-Nov-2011 10:20:45] PHP  12. ReflectionMethod->invokeArgs() /usr/local/zend/share/pear/PHPUnit/Framework/TestCase.php:918
[25-Nov-2011 10:20:45] PHP  13. ErrorControllerTest->test500ErrorResponse() /usr/local/zend/share/pear/PHPUnit/Framework/TestCase.php:918
[25-Nov-2011 11:20:23] PHP Fatal error:  Call to undefined method RegisterControllerTest::assertQueryContains() in /var/www/site1/tests/application/controllers/RegisterControllerTest.php on line 28
[25-Nov-2011 11:20:23] PHP Stack trace:
[25-Nov-2011 11:20:23] PHP   1. {main}() /usr/local/zend/bin/phpunit:0
[25-Nov-2011 11:20:23] PHP   2. PHPUnit_TextUI_Command::main() /usr/local/zend/bin/phpunit:44
[25-Nov-2011 11:20:23] PHP   3. PHPUnit_TextUI_Command->run() /usr/local/zend/share/pear/PHPUnit/TextUI/Command.php:125
[25-Nov-2011 11:20:23] PHP   4. PHPUnit_TextUI_TestRunner->doRun() /usr/local/zend/share/pear/PHPUnit/TextUI/Command.php:187
[25-Nov-2011 11:20:23] PHP   5. PHPUnit_Framework_TestSuite->run() /usr/local/zend/share/pear/PHPUnit/TextUI/TestRunner.php:325
[25-Nov-2011 11:20:23] PHP   6. PHPUnit_Framework_TestSuite->run() /usr/local/zend/share/pear/PHPUnit/Framework/TestSuite.php:705
[25-Nov-2011 11:20:23] PHP   7. PHPUnit_Framework_TestSuite->runTest() /usr/local/zend/share/pear/PHPUnit/Framework/TestSuite.php:745
[25-Nov-2011 11:20:23] PHP   8. PHPUnit_Framework_TestCase->run() /usr/local/zend/share/pear/PHPUnit/Framework/TestSuite.php:772
[25-Nov-2011 11:20:23] PHP   9. PHPUnit_Framework_TestResult->run() /usr/local/zend/share/pear/PHPUnit/Framework/TestCase.php:727
[25-Nov-2011 11:20:23] PHP  10. PHPUnit_Framework_TestCase->runBare() /usr/local/zend/share/pear/PHPUnit/Framework/TestResult.php:649
[25-Nov-2011 11:20:23] PHP  11. PHPUnit_Framework_TestCase->runTest() /usr/local/zend/share/pear/PHPUnit/Framework/TestCase.php:780
[25-Nov-2011 11:20:23] PHP  12. ReflectionMethod->invokeArgs() /usr/local/zend/share/pear/PHPUnit/Framework/TestCase.php:918
[25-Nov-2011 11:20:23] PHP  13. RegisterControllerTest->testRegisterProcess() /usr/local/zend/share/pear/PHPUnit/Framework/TestCase.php:918
[15-Dec-2011 16:14:23] PHP Fatal error:  Call to undefined method Application_Service_Blog::listAllCategories() in /var/www/site1/application/controllers/BlogController.php on line 53
[15-Dec-2011 16:31:23] PHP Fatal error:  Call to undefined method Application_Service_Blog::findArticle() in /var/www/site1/application/controllers/BlogController.php on line 71
[15-Dec-2011 16:41:03] PHP Fatal error:  Undefined class constant 'COMMENT_CREATION_FAILURE_FORM_INVALID' in /var/www/site1/application/controllers/BlogController.php on line 78
[15-Dec-2011 16:42:30] PHP Fatal error:  Undefined class constant 'COMMENT_CREATION_FAILURE_FORM_INVALID' in /var/www/site1/application/controllers/BlogController.php on line 78
[15-Dec-2011 16:44:16] PHP Parse error:  syntax error, unexpected ';' in /var/www/site1/application/services/Blog.php on line 91
[15-Dec-2011 16:46:33] PHP Fatal error:  Undefined class constant 'COMMENT_CREATION_FAILURE_FORM_INVALID' in /var/www/site1/application/controllers/BlogController.php on line 78
[15-Dec-2011 16:47:12] PHP Fatal error:  Call to a member function getTitle() on a non-object in /var/www/site1/application/controllers/BlogController.php on line 79
[15-Dec-2011 17:06:29] PHP Fatal error:  Call to a member function setValue() on a non-object in /var/www/site1/application/forms/Comment.php on line 41
